2018-10-19 17:10:43.908 [restartedMain] INFO  com.ant.webPage.WebPageApplication -Starting WebPageApplication on DESKTOP-3HSGT6Q with PID 11028 (D:\Billing\IdeaProjects\70pool\webPage\out\production\classes started by 13402 in D:\Billing\IdeaProjects\70pool)
2018-10-19 17:10:43.913 [restartedMain] INFO  com.ant.webPage.WebPageApplication -The following profiles are active: prod
2018-10-19 17:10:44.005 [restartedMain] INFO  o.s.b.w.s.c.AnnotationConfigServletWebServerApplicationContext -Refreshing org.springframework.boot.web.servlet.context.AnnotationConfigServletWebServerApplicationContext@771adc47: startup date [Fri Oct 19 17:10:44 CST 2018]; root of context hierarchy
2018-10-19 17:10:45.579 [restartedMain] INFO  o.s.d.r.c.RepositoryConfigurationDelegate -Multiple Spring Data modules found, entering strict repository configuration mode!
2018-10-19 17:10:45.624 [restartedMain] INFO  o.s.d.r.c.RepositoryConfigurationDelegate -Multiple Spring Data modules found, entering strict repository configuration mode!
2018-10-19 17:10:46.226 [restartedMain] INFO  o.s.c.s.PostProcessorRegistrationDelegate$BeanPostProcessorChecker -Bean 'org.springframework.transaction.annotation.ProxyTransactionManagementConfiguration' of type [org.springframework.transaction.annotation.ProxyTransactionManagementConfiguration$$EnhancerBySpringCGLIB$$e7713521] is not eligible for getting processed by all BeanPostProcessors (for example: not eligible for auto-proxying)
2018-10-19 17:10:46.912 [restartedMain] INFO  o.s.b.w.e.tomcat.TomcatWebServer -Tomcat initialized with port(s): 8080 (http)
2018-10-19 17:10:46.950 [restartedMain] INFO  o.a.catalina.core.StandardService -Starting service [Tomcat]
2018-10-19 17:10:46.951 [restartedMain] INFO  o.a.catalina.core.StandardEngine -Starting Servlet Engine: Apache Tomcat/8.5.28
2018-10-19 17:10:46.964 [localhost-startStop-1] INFO  o.a.c.core.AprLifecycleListener -Loaded APR based Apache Tomcat Native library [1.2.16] using APR version [1.6.3].
2018-10-19 17:10:46.965 [localhost-startStop-1] INFO  o.a.c.core.AprLifecycleListener -APR capabilities: IPv6 [true], sendfile [true], accept filters [false], random [true].
2018-10-19 17:10:46.965 [localhost-startStop-1] INFO  o.a.c.core.AprLifecycleListener -APR/OpenSSL configuration: useAprConnector [false], useOpenSSL [true]
2018-10-19 17:10:48.022 [localhost-startStop-1] INFO  o.a.c.core.AprLifecycleListener -OpenSSL successfully initialized [OpenSSL 1.0.2m  2 Nov 2017]
2018-10-19 17:10:48.147 [localhost-startStop-1] INFO  o.a.c.c.C.[Tomcat].[localhost].[/] -Initializing Spring embedded WebApplicationContext
2018-10-19 17:10:48.148 [localhost-startStop-1] INFO  o.s.web.context.ContextLoader -Root WebApplicationContext: initialization completed in 4143 ms
2018-10-19 17:10:48.346 [localhost-startStop-1] INFO  o.s.b.w.s.ServletRegistrationBean -Servlet dispatcherServlet mapped to [/]
2018-10-19 17:10:48.353 [localhost-startStop-1] INFO  o.s.b.w.s.FilterRegistrationBean -Mapping filter: 'characterEncodingFilter' to: [/*]
2018-10-19 17:10:48.353 [localhost-startStop-1] INFO  o.s.b.w.s.FilterRegistrationBean -Mapping filter: 'hiddenHttpMethodFilter' to: [/*]
2018-10-19 17:10:48.354 [localhost-startStop-1] INFO  o.s.b.w.s.FilterRegistrationBean -Mapping filter: 'httpPutFormContentFilter' to: [/*]
2018-10-19 17:10:48.354 [localhost-startStop-1] INFO  o.s.b.w.s.FilterRegistrationBean -Mapping filter: 'requestContextFilter' to: [/*]
2018-10-19 17:10:48.707 [restartedMain] INFO  c.alibaba.druid.pool.DruidDataSource -{dataSource-1} inited
2018-10-19 17:10:49.332 [restartedMain] INFO  o.s.o.j.LocalContainerEntityManagerFactoryBean -Building JPA container EntityManagerFactory for persistence unit 'default'
2018-10-19 17:10:49.353 [restartedMain] INFO  o.h.jpa.internal.util.LogHelper -HHH000204: Processing PersistenceUnitInfo [
	name: default
	...]
2018-10-19 17:10:49.452 [restartedMain] INFO  org.hibernate.Version -HHH000412: Hibernate Core {5.2.14.Final}
2018-10-19 17:10:49.455 [restartedMain] INFO  org.hibernate.cfg.Environment -HHH000206: hibernate.properties not found
2018-10-19 17:10:49.519 [restartedMain] INFO  o.h.annotations.common.Version -HCANN000001: Hibernate Commons Annotations {5.0.1.Final}
2018-10-19 17:10:49.761 [restartedMain] INFO  org.hibernate.dialect.Dialect -HHH000400: Using dialect: org.hibernate.dialect.MySQL5Dialect
2018-10-19 17:10:50.052 [restartedMain] INFO  o.s.o.j.LocalContainerEntityManagerFactoryBean -Initialized JPA EntityManagerFactory for persistence unit 'default'
2018-10-19 17:10:52.913 [restartedMain] INFO  o.s.w.s.m.m.a.RequestMappingHandlerAdapter -Looking for @ControllerAdvice: org.springframework.boot.web.servlet.context.AnnotationConfigServletWebServerApplicationContext@771adc47: startup date [Fri Oct 19 17:10:44 CST 2018]; root of context hierarchy
2018-10-19 17:10:52.990 [restartedMain] WARN  o.s.b.a.o.j.JpaBaseConfiguration$JpaWebConfiguration$JpaWebMvcConfiguration -spring.jpa.open-in-view is enabled by default. Therefore, database queries may be performed during view rendering. Explicitly configure spring.jpa.open-in-view to disable this warning
2018-10-19 17:10:53.052 [restartedMain] INFO  o.s.w.s.m.m.a.RequestMappingHandlerMapping -Mapped "{[/bank/add],methods=[POST]}" onto public com.ant.webPage.util.Result com.ant.webPage.controller.BankController.add(com.ant.entity.User,java.lang.String,java.lang.String,java.lang.String)
2018-10-19 17:10:53.055 [restartedMain] INFO  o.s.w.s.m.m.a.RequestMappingHandlerMapping -Mapped "{[/bank/update],methods=[POST]}" onto public com.ant.webPage.util.Result com.ant.webPage.controller.BankController.update(com.ant.entity.User,java.lang.String,java.lang.String,java.lang.String,java.lang.Integer)
2018-10-19 17:10:53.056 [restartedMain] INFO  o.s.w.s.m.m.a.RequestMappingHandlerMapping -Mapped "{[/bank/find],methods=[POST]}" onto public com.ant.webPage.util.Result com.ant.webPage.controller.BankController.find(com.ant.entity.User)
2018-10-19 17:10:53.058 [restartedMain] INFO  o.s.w.s.m.m.a.RequestMappingHandlerMapping -Mapped "{[/btcAddr/add]}" onto public com.ant.webPage.util.Result com.ant.webPage.controller.BtcAddrController.add(com.ant.entity.User,java.lang.String)
2018-10-19 17:10:53.060 [restartedMain] INFO  o.s.w.s.m.m.a.RequestMappingHandlerMapping -Mapped "{[/btcAddr/update]}" onto public com.ant.webPage.util.Result com.ant.webPage.controller.BtcAddrController.update(com.ant.entity.User,java.lang.String,java.lang.Integer)
2018-10-19 17:10:53.060 [restartedMain] INFO  o.s.w.s.m.m.a.RequestMappingHandlerMapping -Mapped "{[/btcAddr/find],methods=[POST]}" onto public com.ant.webPage.util.Result com.ant.webPage.controller.BtcAddrController.find(com.ant.entity.User)
2018-10-19 17:10:53.063 [restartedMain] INFO  o.s.w.s.m.m.a.RequestMappingHandlerMapping -Mapped "{[/cloud/findList],methods=[GET]}" onto public com.ant.webPage.util.Result com.ant.webPage.controller.CloudProductController.list()
2018-10-19 17:10:53.064 [restartedMain] INFO  o.s.w.s.m.m.a.RequestMappingHandlerMapping -Mapped "{[/cloud/findOne/{productId}],methods=[GET]}" onto public com.ant.webPage.util.Result com.ant.webPage.controller.CloudProductController.info(java.lang.Integer)
2018-10-19 17:10:53.065 [restartedMain] INFO  o.s.w.s.m.m.a.RequestMappingHandlerMapping -Mapped "{[/cloud/findFirst],methods=[POST]}" onto public com.ant.webPage.util.Result com.ant.webPage.controller.CloudProductController.findOne()
2018-10-19 17:10:53.066 [restartedMain] INFO  o.s.w.s.m.m.a.RequestMappingHandlerMapping -Mapped "{[/financial/findOne/{productId}],methods=[GET]}" onto public com.ant.webPage.util.Result com.ant.webPage.controller.FinancialProductController.info(java.lang.Integer)
2018-10-19 17:10:53.067 [restartedMain] INFO  o.s.w.s.m.m.a.RequestMappingHandlerMapping -Mapped "{[/financial/findList],methods=[GET]}" onto public com.ant.webPage.util.Result com.ant.webPage.controller.FinancialProductController.List()
2018-10-19 17:10:53.068 [restartedMain] INFO  o.s.w.s.m.m.a.RequestMappingHandlerMapping -Mapped "{[/financial/findFour],methods=[GET]}" onto public com.ant.webPage.util.Result com.ant.webPage.controller.FinancialProductController.findFour()
2018-10-19 17:10:53.070 [restartedMain] INFO  o.s.w.s.m.m.a.RequestMappingHandlerMapping -Mapped "{[/login/register],methods=[POST]}" onto public com.ant.webPage.util.Result com.ant.webPage.controller.LoginController.register(java.lang.String,java.lang.String,java.lang.String,java.lang.String)
2018-10-19 17:10:53.071 [restartedMain] INFO  o.s.w.s.m.m.a.RequestMappingHandlerMapping -Mapped "{[/login/resetPassNoCode],methods=[POST]}" onto public com.ant.webPage.util.Result com.ant.webPage.controller.LoginController.resetPassNoCode(java.lang.String,java.lang.String,java.lang.String)
2018-10-19 17:10:53.071 [restartedMain] INFO  o.s.w.s.m.m.a.RequestMappingHandlerMapping -Mapped "{[/login/login],methods=[POST]}" onto public com.ant.webPage.util.Result com.ant.webPage.controller.LoginController.login(java.lang.String,java.lang.String)
2018-10-19 17:10:53.072 [restartedMain] INFO  o.s.w.s.m.m.a.RequestMappingHandlerMapping -Mapped "{[/login/sendCode],methods=[POST]}" onto public com.ant.webPage.util.Result com.ant.webPage.controller.LoginController.sendCode(java.lang.String,java.lang.Integer) throws com.aliyuncs.exceptions.ClientException
2018-10-19 17:10:53.074 [restartedMain] INFO  o.s.w.s.m.m.a.RequestMappingHandlerMapping -Mapped "{[/login/logout],methods=[GET]}" onto public java.lang.String com.ant.webPage.controller.LoginController.logout()
2018-10-19 17:10:53.074 [restartedMain] INFO  o.s.w.s.m.m.a.RequestMappingHandlerMapping -Mapped "{[/login/resetPass],methods=[POST]}" onto public com.ant.webPage.util.Result com.ant.webPage.controller.LoginController.resetPass(java.lang.String,java.lang.String,java.lang.String,java.lang.String)
2018-10-19 17:10:53.075 [restartedMain] INFO  o.s.w.s.m.m.a.RequestMappingHandlerMapping -Mapped "{[/login/registerNoCode],methods=[POST]}" onto public com.ant.webPage.util.Result com.ant.webPage.controller.LoginController.registerNoCode(java.lang.String,java.lang.String,java.lang.String)
2018-10-19 17:10:53.075 [restartedMain] INFO  o.s.w.s.m.m.a.RequestMappingHandlerMapping -Mapped "{[/miner/findList],methods=[GET]}" onto public com.ant.webPage.util.Result com.ant.webPage.controller.MinerProductController.list()
2018-10-19 17:10:53.076 [restartedMain] INFO  o.s.w.s.m.m.a.RequestMappingHandlerMapping -Mapped "{[/miner/findOne/{productId}],methods=[GET]}" onto public com.ant.webPage.util.Result com.ant.webPage.controller.MinerProductController.info(java.lang.Integer) throws java.lang.Exception
2018-10-19 17:10:53.077 [restartedMain] INFO  o.s.w.s.m.m.a.RequestMappingHandlerMapping -Mapped "{[/order/add]}" onto public com.ant.webPage.util.Result com.ant.webPage.controller.OrderController.add(com.ant.entity.User,java.lang.Integer,java.math.BigDecimal,java.math.BigDecimal,java.math.BigDecimal)
2018-10-19 17:10:53.078 [restartedMain] INFO  o.s.w.s.m.m.a.RequestMappingHandlerMapping -Mapped "{[/order/findOne],methods=[POST]}" onto public com.ant.webPage.util.Result com.ant.webPage.controller.OrderController.findOrder(com.ant.entity.User,java.lang.Integer)
2018-10-19 17:10:53.078 [restartedMain] INFO  o.s.w.s.m.m.a.RequestMappingHandlerMapping -Mapped "{[/order/profit],methods=[POST]}" onto public com.ant.webPage.util.Result com.ant.webPage.controller.OrderController.profit(java.math.BigDecimal,java.math.BigDecimal,java.math.BigDecimal)
2018-10-19 17:10:53.078 [restartedMain] INFO  o.s.w.s.m.m.a.RequestMappingHandlerMapping -Mapped "{[/order/actualReceipts],methods=[POST]}" onto public com.ant.webPage.util.Result com.ant.webPage.controller.OrderController.profit(java.math.BigDecimal,java.math.BigDecimal)
2018-10-19 17:10:53.079 [restartedMain] INFO  o.s.w.s.m.m.a.RequestMappingHandlerMapping -Mapped "{[/orderRecord/my]}" onto public com.ant.webPage.util.Result com.ant.webPage.controller.OrderRecordController.record(com.ant.entity.User)
2018-10-19 17:10:53.079 [restartedMain] INFO  o.s.w.s.m.m.a.RequestMappingHandlerMapping -Mapped "{[/presentRecord/my]}" onto public com.ant.webPage.util.Result com.ant.webPage.controller.PresentRecordController.record(com.ant.entity.User)
2018-10-19 17:10:53.080 [restartedMain] INFO  o.s.w.s.m.m.a.RequestMappingHandlerMapping -Mapped "{[/putForward/add]}" onto public com.ant.webPage.util.Result com.ant.webPage.controller.PutForwardController.add(com.ant.entity.User,java.lang.Integer,java.math.BigDecimal,java.math.BigDecimal)
2018-10-19 17:10:53.080 [restartedMain] INFO  o.s.w.s.m.m.a.RequestMappingHandlerMapping -Mapped "{[/tstimate/first],methods=[GET]}" onto public com.ant.webPage.util.Result com.ant.webPage.controller.TitimateController.first()
2018-10-19 17:10:53.081 [restartedMain] INFO  o.s.w.s.m.m.a.RequestMappingHandlerMapping -Mapped "{[/totices/findOne/{toticesId}]}" onto public com.ant.webPage.util.Result com.ant.webPage.controller.ToticesController.info(java.lang.Integer)
2018-10-19 17:10:53.081 [restartedMain] INFO  o.s.w.s.m.m.a.RequestMappingHandlerMapping -Mapped "{[/totices/findList],methods=[GET]}" onto public com.ant.webPage.util.Result com.ant.webPage.controller.ToticesController.findList()
2018-10-19 17:10:53.082 [restartedMain] INFO  o.s.w.s.m.m.a.RequestMappingHandlerMapping -Mapped "{[/user/my]}" onto public com.ant.webPage.util.Result com.ant.webPage.controller.UserController.my(com.ant.entity.User)
2018-10-19 17:10:53.082 [restartedMain] INFO  o.s.w.s.m.m.a.RequestMappingHandlerMapping -Mapped "{[/user/revenueRecord]}" onto public com.ant.webPage.util.Result com.ant.webPage.controller.UserController.revenueRecord(com.ant.entity.User)
2018-10-19 17:10:53.083 [restartedMain] INFO  o.s.w.s.m.m.a.RequestMappingHandlerMapping -Mapped "{[/user/detailed]}" onto private com.ant.webPage.util.Result com.ant.webPage.controller.UserController.detailed(com.ant.entity.User)
2018-10-19 17:10:53.086 [restartedMain] INFO  o.s.w.s.m.m.a.RequestMappingHandlerMapping -Mapped "{[/error]}" onto public org.springframework.http.ResponseEntity<java.util.Map<java.lang.String, java.lang.Object>> org.springframework.boot.autoconfigure.web.servlet.error.BasicErrorController.error(javax.servlet.http.HttpServletRequest)
2018-10-19 17:10:53.088 [restartedMain] INFO  o.s.w.s.m.m.a.RequestMappingHandlerMapping -Mapped "{[/error],produces=[text/html]}" onto public org.springframework.web.servlet.ModelAndView org.springframework.boot.autoconfigure.web.servlet.error.BasicErrorController.errorHtml(javax.servlet.http.HttpServletRequest,javax.servlet.http.HttpServletResponse)
2018-10-19 17:10:53.158 [restartedMain] INFO  o.s.w.s.h.SimpleUrlHandlerMapping -Mapped URL path [/webjars/**] onto handler of type [class org.springframework.web.servlet.resource.ResourceHttpRequestHandler]
2018-10-19 17:10:53.159 [restartedMain] INFO  o.s.w.s.h.SimpleUrlHandlerMapping -Mapped URL path [/**] onto handler of type [class org.springframework.web.servlet.resource.ResourceHttpRequestHandler]
2018-10-19 17:10:53.259 [restartedMain] INFO  o.s.w.s.h.SimpleUrlHandlerMapping -Mapped URL path [/**/favicon.ico] onto handler of type [class org.springframework.web.servlet.resource.ResourceHttpRequestHandler]
2018-10-19 17:10:53.296 [restartedMain] INFO  o.s.b.a.w.s.WelcomePageHandlerMapping -Adding welcome page: class path resource [static/index.html]
2018-10-19 17:10:53.975 [restartedMain] WARN  o.s.b.d.a.OptionalLiveReloadServer -Unable to start LiveReload server
2018-10-19 17:10:54.043 [restartedMain] INFO  o.s.j.e.a.AnnotationMBeanExporter -Registering beans for JMX exposure on startup
2018-10-19 17:10:54.044 [restartedMain] INFO  o.s.j.e.a.AnnotationMBeanExporter -Bean with name 'dataSource' has been autodetected for JMX exposure
2018-10-19 17:10:54.051 [restartedMain] INFO  o.s.j.e.a.AnnotationMBeanExporter -Located MBean 'dataSource': registering with JMX server as MBean [webPage:name=dataSource,type=DruidDataSource]
2018-10-19 17:10:54.067 [restartedMain] ERROR o.a.catalina.core.StandardService -Failed to start connector [Connector[HTTP/1.1-8080]]
org.apache.catalina.LifecycleException: Failed to start component [Connector[HTTP/1.1-8080]]
	at org.apache.catalina.util.LifecycleBase.start(LifecycleBase.java:167)
	at org.apache.catalina.core.StandardService.addConnector(StandardService.java:225)
	at org.springframework.boot.web.embedded.tomcat.TomcatWebServer.addPreviouslyRemovedConnectors(TomcatWebServer.java:255)
	at org.springframework.boot.web.embedded.tomcat.TomcatWebServer.start(TomcatWebServer.java:197)
	at org.springframework.boot.web.servlet.context.ServletWebServerApplicationContext.startWebServer(ServletWebServerApplicationContext.java:300)
	at org.springframework.boot.web.servlet.context.ServletWebServerApplicationContext.finishRefresh(ServletWebServerApplicationContext.java:162)
	at org.springframework.context.support.AbstractApplicationContext.refresh(AbstractApplicationContext.java:552)
	at org.springframework.boot.web.servlet.context.ServletWebServerApplicationContext.refresh(ServletWebServerApplicationContext.java:140)
	at org.springframework.boot.SpringApplication.refresh(SpringApplication.java:752)
	at org.springframework.boot.SpringApplication.refreshContext(SpringApplication.java:388)
	at org.springframework.boot.SpringApplication.run(SpringApplication.java:327)
	at org.springframework.boot.SpringApplication.run(SpringApplication.java:1246)
	at org.springframework.boot.SpringApplication.run(SpringApplication.java:1234)
	at com.ant.webPage.WebPageApplication.main(WebPageApplication.java:16)
	at sun.reflect.NativeMethodAccessorImpl.invoke0(Native Method)
	at sun.reflect.NativeMethodAccessorImpl.invoke(NativeMethodAccessorImpl.java:62)
	at sun.reflect.DelegatingMethodAccessorImpl.invoke(DelegatingMethodAccessorImpl.java:43)
	at java.lang.reflect.Method.invoke(Method.java:498)
	at org.springframework.boot.devtools.restart.RestartLauncher.run(RestartLauncher.java:49)
Caused by: org.apache.catalina.LifecycleException: Protocol handler start failed
	at org.apache.catalina.connector.Connector.startInternal(Connector.java:1021)
	at org.apache.catalina.util.LifecycleBase.start(LifecycleBase.java:150)
	... 18 common frames omitted
Caused by: java.net.BindException: Address already in use: bind
	at sun.nio.ch.Net.bind0(Native Method)
	at sun.nio.ch.Net.bind(Net.java:433)
	at sun.nio.ch.Net.bind(Net.java:425)
	at sun.nio.ch.ServerSocketChannelImpl.bind(ServerSocketChannelImpl.java:223)
	at sun.nio.ch.ServerSocketAdaptor.bind(ServerSocketAdaptor.java:74)
	at org.apache.tomcat.util.net.NioEndpoint.bind(NioEndpoint.java:210)
	at org.apache.tomcat.util.net.AbstractEndpoint.start(AbstractEndpoint.java:1150)
	at org.apache.coyote.AbstractProtocol.start(AbstractProtocol.java:591)
	at org.apache.catalina.connector.Connector.startInternal(Connector.java:1018)
	... 19 common frames omitted
2018-10-19 17:10:54.080 [restartedMain] INFO  o.a.catalina.core.StandardService -Stopping service [Tomcat]
2018-10-19 17:10:54.144 [restartedMain] INFO  c.alibaba.druid.pool.DruidDataSource -{dataSource-1} closed
2018-10-19 17:11:06.753 [restartedMain] INFO  com.ant.webPage.WebPageApplication -Starting WebPageApplication on DESKTOP-3HSGT6Q with PID 8372 (D:\Billing\IdeaProjects\70pool\webPage\out\production\classes started by 13402 in D:\Billing\IdeaProjects\70pool)
2018-10-19 17:11:06.756 [restartedMain] INFO  com.ant.webPage.WebPageApplication -The following profiles are active: prod
2018-10-19 17:11:06.850 [restartedMain] INFO  o.s.b.w.s.c.AnnotationConfigServletWebServerApplicationContext -Refreshing org.springframework.boot.web.servlet.context.AnnotationConfigServletWebServerApplicationContext@369b83ef: startup date [Fri Oct 19 17:11:06 CST 2018]; root of context hierarchy
2018-10-19 17:11:08.452 [restartedMain] INFO  o.s.d.r.c.RepositoryConfigurationDelegate -Multiple Spring Data modules found, entering strict repository configuration mode!
2018-10-19 17:11:08.500 [restartedMain] INFO  o.s.d.r.c.RepositoryConfigurationDelegate -Multiple Spring Data modules found, entering strict repository configuration mode!
2018-10-19 17:11:09.040 [restartedMain] INFO  o.s.c.s.PostProcessorRegistrationDelegate$BeanPostProcessorChecker -Bean 'org.springframework.transaction.annotation.ProxyTransactionManagementConfiguration' of type [org.springframework.transaction.annotation.ProxyTransactionManagementConfiguration$$EnhancerBySpringCGLIB$$c9d596c6] is not eligible for getting processed by all BeanPostProcessors (for example: not eligible for auto-proxying)
2018-10-19 17:11:09.628 [restartedMain] INFO  o.s.b.w.e.tomcat.TomcatWebServer -Tomcat initialized with port(s): 8080 (http)
2018-10-19 17:11:09.663 [restartedMain] INFO  o.a.catalina.core.StandardService -Starting service [Tomcat]
2018-10-19 17:11:09.663 [restartedMain] INFO  o.a.catalina.core.StandardEngine -Starting Servlet Engine: Apache Tomcat/8.5.28
2018-10-19 17:11:09.675 [localhost-startStop-1] INFO  o.a.c.core.AprLifecycleListener -Loaded APR based Apache Tomcat Native library [1.2.16] using APR version [1.6.3].
2018-10-19 17:11:09.675 [localhost-startStop-1] INFO  o.a.c.core.AprLifecycleListener -APR capabilities: IPv6 [true], sendfile [true], accept filters [false], random [true].
2018-10-19 17:11:09.675 [localhost-startStop-1] INFO  o.a.c.core.AprLifecycleListener -APR/OpenSSL configuration: useAprConnector [false], useOpenSSL [true]
2018-10-19 17:11:10.733 [localhost-startStop-1] INFO  o.a.c.core.AprLifecycleListener -OpenSSL successfully initialized [OpenSSL 1.0.2m  2 Nov 2017]
2018-10-19 17:11:10.881 [localhost-startStop-1] INFO  o.a.c.c.C.[Tomcat].[localhost].[/] -Initializing Spring embedded WebApplicationContext
2018-10-19 17:11:10.882 [localhost-startStop-1] INFO  o.s.web.context.ContextLoader -Root WebApplicationContext: initialization completed in 4032 ms
2018-10-19 17:11:11.077 [localhost-startStop-1] INFO  o.s.b.w.s.ServletRegistrationBean -Servlet dispatcherServlet mapped to [/]
2018-10-19 17:11:11.085 [localhost-startStop-1] INFO  o.s.b.w.s.FilterRegistrationBean -Mapping filter: 'characterEncodingFilter' to: [/*]
2018-10-19 17:11:11.086 [localhost-startStop-1] INFO  o.s.b.w.s.FilterRegistrationBean -Mapping filter: 'hiddenHttpMethodFilter' to: [/*]
2018-10-19 17:11:11.086 [localhost-startStop-1] INFO  o.s.b.w.s.FilterRegistrationBean -Mapping filter: 'httpPutFormContentFilter' to: [/*]
2018-10-19 17:11:11.086 [localhost-startStop-1] INFO  o.s.b.w.s.FilterRegistrationBean -Mapping filter: 'requestContextFilter' to: [/*]
2018-10-19 17:11:11.450 [restartedMain] INFO  c.alibaba.druid.pool.DruidDataSource -{dataSource-1} inited
2018-10-19 17:11:12.031 [restartedMain] INFO  o.s.o.j.LocalContainerEntityManagerFactoryBean -Building JPA container EntityManagerFactory for persistence unit 'default'
2018-10-19 17:11:12.051 [restartedMain] INFO  o.h.jpa.internal.util.LogHelper -HHH000204: Processing PersistenceUnitInfo [
	name: default
	...]
2018-10-19 17:11:12.145 [restartedMain] INFO  org.hibernate.Version -HHH000412: Hibernate Core {5.2.14.Final}
2018-10-19 17:11:12.147 [restartedMain] INFO  org.hibernate.cfg.Environment -HHH000206: hibernate.properties not found
2018-10-19 17:11:12.205 [restartedMain] INFO  o.h.annotations.common.Version -HCANN000001: Hibernate Commons Annotations {5.0.1.Final}
2018-10-19 17:11:12.421 [restartedMain] INFO  org.hibernate.dialect.Dialect -HHH000400: Using dialect: org.hibernate.dialect.MySQL5Dialect
2018-10-19 17:11:12.764 [restartedMain] INFO  o.s.o.j.LocalContainerEntityManagerFactoryBean -Initialized JPA EntityManagerFactory for persistence unit 'default'
2018-10-19 17:11:15.221 [restartedMain] INFO  o.s.w.s.m.m.a.RequestMappingHandlerAdapter -Looking for @ControllerAdvice: org.springframework.boot.web.servlet.context.AnnotationConfigServletWebServerApplicationContext@369b83ef: startup date [Fri Oct 19 17:11:06 CST 2018]; root of context hierarchy
2018-10-19 17:11:15.297 [restartedMain] WARN  o.s.b.a.o.j.JpaBaseConfiguration$JpaWebConfiguration$JpaWebMvcConfiguration -spring.jpa.open-in-view is enabled by default. Therefore, database queries may be performed during view rendering. Explicitly configure spring.jpa.open-in-view to disable this warning
2018-10-19 17:11:15.358 [restartedMain] INFO  o.s.w.s.m.m.a.RequestMappingHandlerMapping -Mapped "{[/bank/add],methods=[POST]}" onto public com.ant.webPage.util.Result com.ant.webPage.controller.BankController.add(com.ant.entity.User,java.lang.String,java.lang.String,java.lang.String)
2018-10-19 17:11:15.361 [restartedMain] INFO  o.s.w.s.m.m.a.RequestMappingHandlerMapping -Mapped "{[/bank/update],methods=[POST]}" onto public com.ant.webPage.util.Result com.ant.webPage.controller.BankController.update(com.ant.entity.User,java.lang.String,java.lang.String,java.lang.String,java.lang.Integer)
2018-10-19 17:11:15.362 [restartedMain] INFO  o.s.w.s.m.m.a.RequestMappingHandlerMapping -Mapped "{[/bank/find],methods=[POST]}" onto public com.ant.webPage.util.Result com.ant.webPage.controller.BankController.find(com.ant.entity.User)
2018-10-19 17:11:15.363 [restartedMain] INFO  o.s.w.s.m.m.a.RequestMappingHandlerMapping -Mapped "{[/btcAddr/add]}" onto public com.ant.webPage.util.Result com.ant.webPage.controller.BtcAddrController.add(com.ant.entity.User,java.lang.String)
2018-10-19 17:11:15.364 [restartedMain] INFO  o.s.w.s.m.m.a.RequestMappingHandlerMapping -Mapped "{[/btcAddr/update]}" onto public com.ant.webPage.util.Result com.ant.webPage.controller.BtcAddrController.update(com.ant.entity.User,java.lang.String,java.lang.Integer)
2018-10-19 17:11:15.365 [restartedMain] INFO  o.s.w.s.m.m.a.RequestMappingHandlerMapping -Mapped "{[/btcAddr/find],methods=[POST]}" onto public com.ant.webPage.util.Result com.ant.webPage.controller.BtcAddrController.find(com.ant.entity.User)
2018-10-19 17:11:15.368 [restartedMain] INFO  o.s.w.s.m.m.a.RequestMappingHandlerMapping -Mapped "{[/cloud/findList],methods=[GET]}" onto public com.ant.webPage.util.Result com.ant.webPage.controller.CloudProductController.list()
2018-10-19 17:11:15.369 [restartedMain] INFO  o.s.w.s.m.m.a.RequestMappingHandlerMapping -Mapped "{[/cloud/findOne/{productId}],methods=[GET]}" onto public com.ant.webPage.util.Result com.ant.webPage.controller.CloudProductController.info(java.lang.Integer)
2018-10-19 17:11:15.369 [restartedMain] INFO  o.s.w.s.m.m.a.RequestMappingHandlerMapping -Mapped "{[/cloud/findFirst],methods=[POST]}" onto public com.ant.webPage.util.Result com.ant.webPage.controller.CloudProductController.findOne()
2018-10-19 17:11:15.370 [restartedMain] INFO  o.s.w.s.m.m.a.RequestMappingHandlerMapping -Mapped "{[/financial/findOne/{productId}],methods=[GET]}" onto public com.ant.webPage.util.Result com.ant.webPage.controller.FinancialProductController.info(java.lang.Integer)
2018-10-19 17:11:15.371 [restartedMain] INFO  o.s.w.s.m.m.a.RequestMappingHandlerMapping -Mapped "{[/financial/findList],methods=[GET]}" onto public com.ant.webPage.util.Result com.ant.webPage.controller.FinancialProductController.List()
2018-10-19 17:11:15.371 [restartedMain] INFO  o.s.w.s.m.m.a.RequestMappingHandlerMapping -Mapped "{[/financial/findFour],methods=[GET]}" onto public com.ant.webPage.util.Result com.ant.webPage.controller.FinancialProductController.findFour()
2018-10-19 17:11:15.373 [restartedMain] INFO  o.s.w.s.m.m.a.RequestMappingHandlerMapping -Mapped "{[/login/register],methods=[POST]}" onto public com.ant.webPage.util.Result com.ant.webPage.controller.LoginController.register(java.lang.String,java.lang.String,java.lang.String,java.lang.String)
2018-10-19 17:11:15.374 [restartedMain] INFO  o.s.w.s.m.m.a.RequestMappingHandlerMapping -Mapped "{[/login/resetPass],methods=[POST]}" onto public com.ant.webPage.util.Result com.ant.webPage.controller.LoginController.resetPass(java.lang.String,java.lang.String,java.lang.String,java.lang.String)
2018-10-19 17:11:15.374 [restartedMain] INFO  o.s.w.s.m.m.a.RequestMappingHandlerMapping -Mapped "{[/login/login],methods=[POST]}" onto public com.ant.webPage.util.Result com.ant.webPage.controller.LoginController.login(java.lang.String,java.lang.String)
2018-10-19 17:11:15.374 [restartedMain] INFO  o.s.w.s.m.m.a.RequestMappingHandlerMapping -Mapped "{[/login/registerNoCode],methods=[POST]}" onto public com.ant.webPage.util.Result com.ant.webPage.controller.LoginController.registerNoCode(java.lang.String,java.lang.String,java.lang.String)
2018-10-19 17:11:15.376 [restartedMain] INFO  o.s.w.s.m.m.a.RequestMappingHandlerMapping -Mapped "{[/login/logout],methods=[GET]}" onto public java.lang.String com.ant.webPage.controller.LoginController.logout()
2018-10-19 17:11:15.377 [restartedMain] INFO  o.s.w.s.m.m.a.RequestMappingHandlerMapping -Mapped "{[/login/sendCode],methods=[POST]}" onto public com.ant.webPage.util.Result com.ant.webPage.controller.LoginController.sendCode(java.lang.String,java.lang.Integer) throws com.aliyuncs.exceptions.ClientException
2018-10-19 17:11:15.377 [restartedMain] INFO  o.s.w.s.m.m.a.RequestMappingHandlerMapping -Mapped "{[/login/resetPassNoCode],methods=[POST]}" onto public com.ant.webPage.util.Result com.ant.webPage.controller.LoginController.resetPassNoCode(java.lang.String,java.lang.String,java.lang.String)
2018-10-19 17:11:15.378 [restartedMain] INFO  o.s.w.s.m.m.a.RequestMappingHandlerMapping -Mapped "{[/miner/findList],methods=[GET]}" onto public com.ant.webPage.util.Result com.ant.webPage.controller.MinerProductController.list()
2018-10-19 17:11:15.379 [restartedMain] INFO  o.s.w.s.m.m.a.RequestMappingHandlerMapping -Mapped "{[/miner/findOne/{productId}],methods=[GET]}" onto public com.ant.webPage.util.Result com.ant.webPage.controller.MinerProductController.info(java.lang.Integer) throws java.lang.Exception
2018-10-19 17:11:15.380 [restartedMain] INFO  o.s.w.s.m.m.a.RequestMappingHandlerMapping -Mapped "{[/order/add]}" onto public com.ant.webPage.util.Result com.ant.webPage.controller.OrderController.add(com.ant.entity.User,java.lang.Integer,java.math.BigDecimal,java.math.BigDecimal,java.math.BigDecimal)
2018-10-19 17:11:15.380 [restartedMain] INFO  o.s.w.s.m.m.a.RequestMappingHandlerMapping -Mapped "{[/order/findOne],methods=[POST]}" onto public com.ant.webPage.util.Result com.ant.webPage.controller.OrderController.findOrder(com.ant.entity.User,java.lang.Integer)
2018-10-19 17:11:15.381 [restartedMain] INFO  o.s.w.s.m.m.a.RequestMappingHandlerMapping -Mapped "{[/order/profit],methods=[POST]}" onto public com.ant.webPage.util.Result com.ant.webPage.controller.OrderController.profit(java.math.BigDecimal,java.math.BigDecimal,java.math.BigDecimal)
2018-10-19 17:11:15.381 [restartedMain] INFO  o.s.w.s.m.m.a.RequestMappingHandlerMapping -Mapped "{[/order/actualReceipts],methods=[POST]}" onto public com.ant.webPage.util.Result com.ant.webPage.controller.OrderController.profit(java.math.BigDecimal,java.math.BigDecimal)
2018-10-19 17:11:15.381 [restartedMain] INFO  o.s.w.s.m.m.a.RequestMappingHandlerMapping -Mapped "{[/orderRecord/my]}" onto public com.ant.webPage.util.Result com.ant.webPage.controller.OrderRecordController.record(com.ant.entity.User)
2018-10-19 17:11:15.382 [restartedMain] INFO  o.s.w.s.m.m.a.RequestMappingHandlerMapping -Mapped "{[/presentRecord/my]}" onto public com.ant.webPage.util.Result com.ant.webPage.controller.PresentRecordController.record(com.ant.entity.User)
2018-10-19 17:11:15.382 [restartedMain] INFO  o.s.w.s.m.m.a.RequestMappingHandlerMapping -Mapped "{[/putForward/add]}" onto public com.ant.webPage.util.Result com.ant.webPage.controller.PutForwardController.add(com.ant.entity.User,java.lang.Integer,java.math.BigDecimal,java.math.BigDecimal)
2018-10-19 17:11:15.383 [restartedMain] INFO  o.s.w.s.m.m.a.RequestMappingHandlerMapping -Mapped "{[/tstimate/first],methods=[GET]}" onto public com.ant.webPage.util.Result com.ant.webPage.controller.TitimateController.first()
2018-10-19 17:11:15.383 [restartedMain] INFO  o.s.w.s.m.m.a.RequestMappingHandlerMapping -Mapped "{[/totices/findOne/{toticesId}]}" onto public com.ant.webPage.util.Result com.ant.webPage.controller.ToticesController.info(java.lang.Integer)
2018-10-19 17:11:15.384 [restartedMain] INFO  o.s.w.s.m.m.a.RequestMappingHandlerMapping -Mapped "{[/totices/findList],methods=[GET]}" onto public com.ant.webPage.util.Result com.ant.webPage.controller.ToticesController.findList()
2018-10-19 17:11:15.384 [restartedMain] INFO  o.s.w.s.m.m.a.RequestMappingHandlerMapping -Mapped "{[/user/revenueRecord]}" onto public com.ant.webPage.util.Result com.ant.webPage.controller.UserController.revenueRecord(com.ant.entity.User)
2018-10-19 17:11:15.385 [restartedMain] INFO  o.s.w.s.m.m.a.RequestMappingHandlerMapping -Mapped "{[/user/detailed]}" onto private com.ant.webPage.util.Result com.ant.webPage.controller.UserController.detailed(com.ant.entity.User)
2018-10-19 17:11:15.385 [restartedMain] INFO  o.s.w.s.m.m.a.RequestMappingHandlerMapping -Mapped "{[/user/my]}" onto public com.ant.webPage.util.Result com.ant.webPage.controller.UserController.my(com.ant.entity.User)
2018-10-19 17:11:15.389 [restartedMain] INFO  o.s.w.s.m.m.a.RequestMappingHandlerMapping -Mapped "{[/error]}" onto public org.springframework.http.ResponseEntity<java.util.Map<java.lang.String, java.lang.Object>> org.springframework.boot.autoconfigure.web.servlet.error.BasicErrorController.error(javax.servlet.http.HttpServletRequest)
2018-10-19 17:11:15.389 [restartedMain] INFO  o.s.w.s.m.m.a.RequestMappingHandlerMapping -Mapped "{[/error],produces=[text/html]}" onto public org.springframework.web.servlet.ModelAndView org.springframework.boot.autoconfigure.web.servlet.error.BasicErrorController.errorHtml(javax.servlet.http.HttpServletRequest,javax.servlet.http.HttpServletResponse)
2018-10-19 17:11:15.456 [restartedMain] INFO  o.s.w.s.h.SimpleUrlHandlerMapping -Mapped URL path [/webjars/**] onto handler of type [class org.springframework.web.servlet.resource.ResourceHttpRequestHandler]
2018-10-19 17:11:15.456 [restartedMain] INFO  o.s.w.s.h.SimpleUrlHandlerMapping -Mapped URL path [/**] onto handler of type [class org.springframework.web.servlet.resource.ResourceHttpRequestHandler]
2018-10-19 17:11:15.554 [restartedMain] INFO  o.s.w.s.h.SimpleUrlHandlerMapping -Mapped URL path [/**/favicon.ico] onto handler of type [class org.springframework.web.servlet.resource.ResourceHttpRequestHandler]
2018-10-19 17:11:15.599 [restartedMain] INFO  o.s.b.a.w.s.WelcomePageHandlerMapping -Adding welcome page: class path resource [static/index.html]
2018-10-19 17:11:16.122 [restartedMain] INFO  o.s.b.d.a.OptionalLiveReloadServer -LiveReload server is running on port 35729
2018-10-19 17:11:16.328 [restartedMain] INFO  o.s.j.e.a.AnnotationMBeanExporter -Registering beans for JMX exposure on startup
2018-10-19 17:11:16.331 [restartedMain] INFO  o.s.j.e.a.AnnotationMBeanExporter -Bean with name 'dataSource' has been autodetected for JMX exposure
2018-10-19 17:11:16.339 [restartedMain] INFO  o.s.j.e.a.AnnotationMBeanExporter -Located MBean 'dataSource': registering with JMX server as MBean [webPage:name=dataSource,type=DruidDataSource]
2018-10-19 17:11:16.386 [restartedMain] INFO  o.s.b.w.e.tomcat.TomcatWebServer -Tomcat started on port(s): 8080 (http) with context path ''
2018-10-19 17:11:16.390 [restartedMain] INFO  com.ant.webPage.WebPageApplication -Started WebPageApplication in 10.748 seconds (JVM running for 11.466)
