2018-10-19 11:00:40.920 [restartedMain] INFO  com.ant.admin.AdminApplication -Starting AdminApplication on DESKTOP-3HSGT6Q with PID 7996 (D:\Billing\IdeaProjects\70pool\admin\out\production\classes started by 13402 in D:\Billing\IdeaProjects\70pool)
2018-10-19 11:00:40.935 [restartedMain] INFO  com.ant.admin.AdminApplication -The following profiles are active: dev
2018-10-19 11:00:41.007 [restartedMain] INFO  o.s.b.w.s.c.AnnotationConfigServletWebServerApplicationContext -Refreshing org.springframework.boot.web.servlet.context.AnnotationConfigServletWebServerApplicationContext@2aae81af: startup date [Fri Oct 19 11:00:41 CST 2018]; root of context hierarchy
2018-10-19 11:00:42.128 [restartedMain] INFO  o.s.b.f.s.DefaultListableBeanFactory -Overriding bean definition for bean 'authRealm' with a different definition: replacing [Generic bean: class [com.ant.admin.common.shiro.AuthRealm]; scope=singleton; abstract=false; lazyInit=false; autowireMode=0; dependencyCheck=0; autowireCandidate=true; primary=false; factoryBeanName=null; factoryMethodName=null; initMethodName=null; destroyMethodName=null; defined in file [D:\Billing\IdeaProjects\70pool\admin\out\production\classes\com\ant\admin\common\shiro\AuthRealm.class]] with [Root bean: class [null]; scope=; abstract=false; lazyInit=false; autowireMode=3; dependencyCheck=0; autowireCandidate=true; primary=false; factoryBeanName=shiroConfig; factoryMethodName=authRealm; initMethodName=null; destroyMethodName=(inferred); defined in class path resource [com/ant/admin/common/config/ShiroConfig.class]]
2018-10-19 11:00:42.136 [restartedMain] INFO  o.s.b.f.s.DefaultListableBeanFactory -Overriding bean definition for bean 'redisSessionDao' with a different definition: replacing [Generic bean: class [com.ant.admin.common.shiro.RedisSessionDao]; scope=singleton; abstract=false; lazyInit=false; autowireMode=0; dependencyCheck=0; autowireCandidate=true; primary=false; factoryBeanName=null; factoryMethodName=null; initMethodName=null; destroyMethodName=null; defined in file [D:\Billing\IdeaProjects\70pool\admin\out\production\classes\com\ant\admin\common\shiro\RedisSessionDao.class]] with [Root bean: class [null]; scope=; abstract=false; lazyInit=false; autowireMode=3; dependencyCheck=0; autowireCandidate=true; primary=false; factoryBeanName=shiroConfig; factoryMethodName=redisSessionDao; initMethodName=null; destroyMethodName=(inferred); defined in class path resource [com/ant/admin/common/config/ShiroConfig.class]]
2018-10-19 11:00:42.138 [restartedMain] INFO  o.s.b.f.s.DefaultListableBeanFactory -Overriding bean definition for bean 'redisCacheManager' with a different definition: replacing [Generic bean: class [com.ant.admin.common.cache.RedisCacheManager]; scope=singleton; abstract=false; lazyInit=false; autowireMode=0; dependencyCheck=0; autowireCandidate=true; primary=false; factoryBeanName=null; factoryMethodName=null; initMethodName=null; destroyMethodName=null; defined in file [D:\Billing\IdeaProjects\70pool\admin\out\production\classes\com\ant\admin\common\cache\RedisCacheManager.class]] with [Root bean: class [null]; scope=; abstract=false; lazyInit=false; autowireMode=3; dependencyCheck=0; autowireCandidate=true; primary=false; factoryBeanName=shiroConfig; factoryMethodName=redisCacheManager; initMethodName=null; destroyMethodName=(inferred); defined in class path resource [com/ant/admin/common/config/ShiroConfig.class]]
2018-10-19 11:00:42.138 [restartedMain] INFO  o.s.b.f.s.DefaultListableBeanFactory -Overriding bean definition for bean 'redisCache' with a different definition: replacing [Generic bean: class [com.ant.admin.common.cache.RedisCache]; scope=singleton; abstract=false; lazyInit=false; autowireMode=0; dependencyCheck=0; autowireCandidate=true; primary=false; factoryBeanName=null; factoryMethodName=null; initMethodName=null; destroyMethodName=null; defined in file [D:\Billing\IdeaProjects\70pool\admin\out\production\classes\com\ant\admin\common\cache\RedisCache.class]] with [Root bean: class [null]; scope=; abstract=false; lazyInit=false; autowireMode=3; dependencyCheck=0; autowireCandidate=true; primary=false; factoryBeanName=shiroConfig; factoryMethodName=redisCache; initMethodName=null; destroyMethodName=(inferred); defined in class path resource [com/ant/admin/common/config/ShiroConfig.class]]
2018-10-19 11:00:42.469 [restartedMain] INFO  o.s.d.r.c.RepositoryConfigurationDelegate -Multiple Spring Data modules found, entering strict repository configuration mode!
2018-10-19 11:00:42.540 [restartedMain] INFO  o.s.d.r.c.RepositoryConfigurationDelegate -Multiple Spring Data modules found, entering strict repository configuration mode!
2018-10-19 11:00:42.996 [restartedMain] INFO  o.s.c.s.PostProcessorRegistrationDelegate$BeanPostProcessorChecker -Bean 'shiroConfig' of type [com.ant.admin.common.config.ShiroConfig$$EnhancerBySpringCGLIB$$875f2060] is not eligible for getting processed by all BeanPostProcessors (for example: not eligible for auto-proxying)
2018-10-19 11:00:43.076 [restartedMain] INFO  o.s.c.s.PostProcessorRegistrationDelegate$BeanPostProcessorChecker -Bean 'credentialsMatcher' of type [com.ant.admin.common.config.CredentialsMatcher] is not eligible for getting processed by all BeanPostProcessors (for example: not eligible for auto-proxying)
2018-10-19 11:00:43.108 [restartedMain] INFO  o.s.c.s.PostProcessorRegistrationDelegate$BeanPostProcessorChecker -Bean 'org.springframework.boot.context.properties.ConversionServiceDeducer$Factory' of type [org.springframework.boot.context.properties.ConversionServiceDeducer$Factory] is not eligible for getting processed by all BeanPostProcessors (for example: not eligible for auto-proxying)
2018-10-19 11:00:43.196 [restartedMain] INFO  o.s.c.s.PostProcessorRegistrationDelegate$BeanPostProcessorChecker -Bean 'mybatis-plus-com.baomidou.mybatisplus.spring.boot.starter.MybatisPlusProperties' of type [com.baomidou.mybatisplus.spring.boot.starter.MybatisPlusProperties] is not eligible for getting processed by all BeanPostProcessors (for example: not eligible for auto-proxying)
2018-10-19 11:00:43.209 [restartedMain] INFO  o.s.c.s.PostProcessorRegistrationDelegate$BeanPostProcessorChecker -Bean 'com.baomidou.mybatisplus.spring.boot.starter.MybatisPlusAutoConfiguration' of type [com.baomidou.mybatisplus.spring.boot.starter.MybatisPlusAutoConfiguration$$EnhancerBySpringCGLIB$$b9767ea1] is not eligible for getting processed by all BeanPostProcessors (for example: not eligible for auto-proxying)
2018-10-19 11:00:43.209 [restartedMain] INFO  o.s.c.s.PostProcessorRegistrationDelegate$BeanPostProcessorChecker -Bean 'org.springframework.boot.autoconfigure.jdbc.DataSourceConfiguration$Generic' of type [org.springframework.boot.autoconfigure.jdbc.DataSourceConfiguration$Generic] is not eligible for getting processed by all BeanPostProcessors (for example: not eligible for auto-proxying)
2018-10-19 11:00:43.240 [restartedMain] INFO  o.s.c.s.PostProcessorRegistrationDelegate$BeanPostProcessorChecker -Bean 'spring.datasource-org.springframework.boot.autoconfigure.jdbc.DataSourceProperties' of type [org.springframework.boot.autoconfigure.jdbc.DataSourceProperties] is not eligible for getting processed by all BeanPostProcessors (for example: not eligible for auto-proxying)
2018-10-19 11:00:43.376 [restartedMain] INFO  o.s.c.s.PostProcessorRegistrationDelegate$BeanPostProcessorChecker -Bean 'dataSource' of type [com.alibaba.druid.pool.DruidDataSource] is not eligible for getting processed by all BeanPostProcessors (for example: not eligible for auto-proxying)
2018-10-19 11:00:43.429 [restartedMain] INFO  c.alibaba.druid.pool.DruidDataSource -{dataSource-1} inited
2018-10-19 11:00:44.386 [restartedMain] INFO  o.s.c.s.PostProcessorRegistrationDelegate$BeanPostProcessorChecker -Bean 'sqlSessionFactory' of type [org.apache.ibatis.session.defaults.DefaultSqlSessionFactory] is not eligible for getting processed by all BeanPostProcessors (for example: not eligible for auto-proxying)
2018-10-19 11:00:44.396 [restartedMain] INFO  o.s.c.s.PostProcessorRegistrationDelegate$BeanPostProcessorChecker -Bean 'sqlSessionTemplate' of type [org.mybatis.spring.SqlSessionTemplate] is not eligible for getting processed by all BeanPostProcessors (for example: not eligible for auto-proxying)
2018-10-19 11:00:44.406 [restartedMain] INFO  o.s.c.s.PostProcessorRegistrationDelegate$BeanPostProcessorChecker -Bean 'menuDao' of type [org.mybatis.spring.mapper.MapperFactoryBean] is not eligible for getting processed by all BeanPostProcessors (for example: not eligible for auto-proxying)
2018-10-19 11:00:44.412 [restartedMain] INFO  o.s.c.s.PostProcessorRegistrationDelegate$BeanPostProcessorChecker -Bean 'menuDao' of type [com.sun.proxy.$Proxy77] is not eligible for getting processed by all BeanPostProcessors (for example: not eligible for auto-proxying)
2018-10-19 11:00:44.415 [restartedMain] INFO  o.s.c.s.PostProcessorRegistrationDelegate$BeanPostProcessorChecker -Bean 'sysUserDao' of type [org.mybatis.spring.mapper.MapperFactoryBean] is not eligible for getting processed by all BeanPostProcessors (for example: not eligible for auto-proxying)
2018-10-19 11:00:44.415 [restartedMain] INFO  o.s.c.s.PostProcessorRegistrationDelegate$BeanPostProcessorChecker -Bean 'sysUserDao' of type [com.sun.proxy.$Proxy78] is not eligible for getting processed by all BeanPostProcessors (for example: not eligible for auto-proxying)
2018-10-19 11:00:44.415 [restartedMain] INFO  o.s.c.s.PostProcessorRegistrationDelegate$BeanPostProcessorChecker -Bean 'authRealm' of type [com.ant.admin.common.shiro.AuthRealm] is not eligible for getting processed by all BeanPostProcessors (for example: not eligible for auto-proxying)
2018-10-19 11:00:44.428 [restartedMain] INFO  o.s.c.s.PostProcessorRegistrationDelegate$BeanPostProcessorChecker -Bean 'redisSessionDao' of type [com.ant.admin.common.shiro.RedisSessionDao] is not eligible for getting processed by all BeanPostProcessors (for example: not eligible for auto-proxying)
2018-10-19 11:00:44.446 [restartedMain] INFO  o.s.c.s.PostProcessorRegistrationDelegate$BeanPostProcessorChecker -Bean 'customSessionManager' of type [com.ant.admin.common.config.CustomSessionManager] is not eligible for getting processed by all BeanPostProcessors (for example: not eligible for auto-proxying)
2018-10-19 11:00:44.457 [restartedMain] INFO  o.s.c.s.PostProcessorRegistrationDelegate$BeanPostProcessorChecker -Bean 'redisCache' of type [com.ant.admin.common.cache.RedisCache] is not eligible for getting processed by all BeanPostProcessors (for example: not eligible for auto-proxying)
2018-10-19 11:00:44.460 [restartedMain] INFO  o.s.c.s.PostProcessorRegistrationDelegate$BeanPostProcessorChecker -Bean 'redisCacheManager' of type [com.ant.admin.common.cache.RedisCacheManager] is not eligible for getting processed by all BeanPostProcessors (for example: not eligible for auto-proxying)
2018-10-19 11:00:44.476 [restartedMain] INFO  o.s.c.s.PostProcessorRegistrationDelegate$BeanPostProcessorChecker -Bean 'simpleCookie' of type [org.apache.shiro.web.servlet.SimpleCookie] is not eligible for getting processed by all BeanPostProcessors (for example: not eligible for auto-proxying)
2018-10-19 11:00:44.896 [restartedMain] INFO  o.s.c.s.PostProcessorRegistrationDelegate$BeanPostProcessorChecker -Bean 'cookieRememberMeManager' of type [org.apache.shiro.web.mgt.CookieRememberMeManager] is not eligible for getting processed by all BeanPostProcessors (for example: not eligible for auto-proxying)
2018-10-19 11:00:44.929 [restartedMain] INFO  o.s.c.s.PostProcessorRegistrationDelegate$BeanPostProcessorChecker -Bean 'securityManager' of type [org.apache.shiro.web.mgt.DefaultWebSecurityManager] is not eligible for getting processed by all BeanPostProcessors (for example: not eligible for auto-proxying)
2018-10-19 11:00:44.985 [restartedMain] INFO  o.s.c.s.PostProcessorRegistrationDelegate$BeanPostProcessorChecker -Bean 'authorizationAttributeSourceAdvisor' of type [org.apache.shiro.spring.security.interceptor.AuthorizationAttributeSourceAdvisor] is not eligible for getting processed by all BeanPostProcessors (for example: not eligible for auto-proxying)
2018-10-19 11:00:45.021 [restartedMain] INFO  o.s.c.s.PostProcessorRegistrationDelegate$BeanPostProcessorChecker -Bean 'org.springframework.transaction.annotation.ProxyTransactionManagementConfiguration' of type [org.springframework.transaction.annotation.ProxyTransactionManagementConfiguration$$EnhancerBySpringCGLIB$$6bd6e044] is not eligible for getting processed by all BeanPostProcessors (for example: not eligible for auto-proxying)
2018-10-19 11:00:45.805 [restartedMain] INFO  o.s.b.w.e.tomcat.TomcatWebServer -Tomcat initialized with port(s): 8081 (http)
2018-10-19 11:00:45.846 [restartedMain] INFO  o.a.catalina.core.StandardService -Starting service [Tomcat]
2018-10-19 11:00:45.848 [restartedMain] INFO  o.a.catalina.core.StandardEngine -Starting Servlet Engine: Apache Tomcat/8.5.28
2018-10-19 11:00:45.863 [localhost-startStop-1] INFO  o.a.c.core.AprLifecycleListener -Loaded APR based Apache Tomcat Native library [1.2.16] using APR version [1.6.3].
2018-10-19 11:00:45.863 [localhost-startStop-1] INFO  o.a.c.core.AprLifecycleListener -APR capabilities: IPv6 [true], sendfile [true], accept filters [false], random [true].
2018-10-19 11:00:45.863 [localhost-startStop-1] INFO  o.a.c.core.AprLifecycleListener -APR/OpenSSL configuration: useAprConnector [false], useOpenSSL [true]
2018-10-19 11:00:46.907 [localhost-startStop-1] INFO  o.a.c.core.AprLifecycleListener -OpenSSL successfully initialized [OpenSSL 1.0.2m  2 Nov 2017]
2018-10-19 11:00:47.040 [localhost-startStop-1] INFO  o.a.c.c.C.[Tomcat].[localhost].[/] -Initializing Spring embedded WebApplicationContext
2018-10-19 11:00:47.040 [localhost-startStop-1] INFO  o.s.web.context.ContextLoader -Root WebApplicationContext: initialization completed in 6033 ms
2018-10-19 11:00:47.180 [localhost-startStop-1] INFO  o.s.b.w.s.ServletRegistrationBean -Servlet dispatcherServlet mapped to [/]
2018-10-19 11:00:47.186 [localhost-startStop-1] INFO  o.s.b.w.s.FilterRegistrationBean -Mapping filter: 'characterEncodingFilter' to: [/*]
2018-10-19 11:00:47.186 [localhost-startStop-1] INFO  o.s.b.w.s.FilterRegistrationBean -Mapping filter: 'hiddenHttpMethodFilter' to: [/*]
2018-10-19 11:00:47.186 [localhost-startStop-1] INFO  o.s.b.w.s.FilterRegistrationBean -Mapping filter: 'httpPutFormContentFilter' to: [/*]
2018-10-19 11:00:47.186 [localhost-startStop-1] INFO  o.s.b.w.s.FilterRegistrationBean -Mapping filter: 'requestContextFilter' to: [/*]
2018-10-19 11:00:47.186 [localhost-startStop-1] INFO  o.s.b.w.s.FilterRegistrationBean -Mapping filter: 'shiroFilter' to: [/*]
2018-10-19 11:00:47.449 [restartedMain] INFO  o.s.o.j.LocalContainerEntityManagerFactoryBean -Building JPA container EntityManagerFactory for persistence unit 'default'
2018-10-19 11:00:47.476 [restartedMain] INFO  o.h.jpa.internal.util.LogHelper -HHH000204: Processing PersistenceUnitInfo [
	name: default
	...]
2018-10-19 11:00:47.599 [restartedMain] INFO  org.hibernate.Version -HHH000412: Hibernate Core {5.2.14.Final}
2018-10-19 11:00:47.599 [restartedMain] INFO  org.hibernate.cfg.Environment -HHH000206: hibernate.properties not found
2018-10-19 11:00:47.673 [restartedMain] INFO  o.h.annotations.common.Version -HCANN000001: Hibernate Commons Annotations {5.0.1.Final}
2018-10-19 11:00:47.906 [restartedMain] INFO  org.hibernate.dialect.Dialect -HHH000400: Using dialect: org.hibernate.dialect.MySQL5Dialect
2018-10-19 11:00:48.208 [restartedMain] INFO  o.s.o.j.LocalContainerEntityManagerFactoryBean -Initialized JPA EntityManagerFactory for persistence unit 'default'
2018-10-19 11:00:49.516 [restartedMain] INFO  o.s.w.s.v.f.FreeMarkerConfigurer -ClassTemplateLoader for Spring macros added to FreeMarker configuration
2018-10-19 11:00:49.661 [restartedMain] INFO  o.s.w.s.h.SimpleUrlHandlerMapping -Mapped URL path [/**/favicon.ico] onto handler of type [class org.springframework.web.servlet.resource.ResourceHttpRequestHandler]
2018-10-19 11:00:50.138 [restartedMain] INFO  o.s.w.s.m.m.a.RequestMappingHandlerAdapter -Looking for @ControllerAdvice: org.springframework.boot.web.servlet.context.AnnotationConfigServletWebServerApplicationContext@2aae81af: startup date [Fri Oct 19 11:00:41 CST 2018]; root of context hierarchy
2018-10-19 11:00:50.208 [restartedMain] WARN  o.s.b.a.o.j.JpaBaseConfiguration$JpaWebConfiguration$JpaWebMvcConfiguration -spring.jpa.open-in-view is enabled by default. Therefore, database queries may be performed during view rendering. Explicitly configure spring.jpa.open-in-view to disable this warning
2018-10-19 11:00:50.267 [restartedMain] INFO  o.s.w.s.m.m.a.RequestMappingHandlerMapping -Mapped "{[/bank/update]}" onto public com.ant.admin.common.utils.Result com.ant.admin.controller.BankController.update(com.ant.entity.Bank)
2018-10-19 11:00:50.269 [restartedMain] INFO  o.s.w.s.m.m.a.RequestMappingHandlerMapping -Mapped "{[/bank/delete]}" onto public com.ant.admin.common.utils.Result com.ant.admin.controller.BankController.delete(java.lang.Integer[])
2018-10-19 11:00:50.269 [restartedMain] INFO  o.s.w.s.m.m.a.RequestMappingHandlerMapping -Mapped "{[/bank/save],methods=[POST]}" onto public com.ant.admin.common.utils.Result com.ant.admin.controller.BankController.save(com.ant.entity.Bank)
2018-10-19 11:00:50.269 [restartedMain] INFO  o.s.w.s.m.m.a.RequestMappingHandlerMapping -Mapped "{[/bank/info/{bankId}]}" onto public com.ant.admin.common.utils.Result com.ant.admin.controller.BankController.info(java.lang.Integer)
2018-10-19 11:00:50.269 [restartedMain] INFO  o.s.w.s.m.m.a.RequestMappingHandlerMapping -Mapped "{[/cloud/update]}" onto public com.ant.admin.common.utils.Result com.ant.admin.controller.CloudProductController.update(com.ant.entity.CloudProduct)
2018-10-19 11:00:50.269 [restartedMain] INFO  o.s.w.s.m.m.a.RequestMappingHandlerMapping -Mapped "{[/cloud/delete]}" onto public com.ant.admin.common.utils.Result com.ant.admin.controller.CloudProductController.delete(java.lang.Integer[])
2018-10-19 11:00:50.269 [restartedMain] INFO  o.s.w.s.m.m.a.RequestMappingHandlerMapping -Mapped "{[/cloud/list]}" onto public com.ant.admin.common.utils.Result com.ant.admin.controller.CloudProductController.list(java.util.Map<java.lang.String, java.lang.Object>,com.ant.entity.CloudProduct)
2018-10-19 11:00:50.269 [restartedMain] INFO  o.s.w.s.m.m.a.RequestMappingHandlerMapping -Mapped "{[/cloud/save]}" onto public com.ant.admin.common.utils.Result com.ant.admin.controller.CloudProductController.save(com.ant.entity.CloudProduct)
2018-10-19 11:00:50.269 [restartedMain] INFO  o.s.w.s.m.m.a.RequestMappingHandlerMapping -Mapped "{[/cloud/info/{productId}]}" onto public com.ant.admin.common.utils.Result com.ant.admin.controller.CloudProductController.info(java.lang.Integer)
2018-10-19 11:00:50.269 [restartedMain] INFO  o.s.w.s.m.m.a.RequestMappingHandlerMapping -Mapped "{[/cloud/updateShelve]}" onto public com.ant.admin.common.utils.Result com.ant.admin.controller.CloudProductController.shelve(com.ant.entity.CloudProduct) throws java.io.IOException
2018-10-19 11:00:50.275 [restartedMain] INFO  o.s.w.s.m.m.a.RequestMappingHandlerMapping -Mapped "{[/cloud/mulUpload]}" onto public com.ant.admin.common.utils.Result com.ant.admin.controller.CloudProductController.upload(org.springframework.web.multipart.MultipartFile,javax.servlet.http.HttpServletRequest) throws java.io.IOException
2018-10-19 11:00:50.279 [restartedMain] INFO  o.s.w.s.m.m.a.RequestMappingHandlerMapping -Mapped "{[/currencyPrice/update]}" onto public com.ant.admin.common.utils.Result com.ant.admin.controller.CurrencyPriceController.update(com.ant.entity.CurrencyPrice)
2018-10-19 11:00:50.279 [restartedMain] INFO  o.s.w.s.m.m.a.RequestMappingHandlerMapping -Mapped "{[/currencyPrice/delete]}" onto public com.ant.admin.common.utils.Result com.ant.admin.controller.CurrencyPriceController.delete(java.lang.Integer[])
2018-10-19 11:00:50.279 [restartedMain] INFO  o.s.w.s.m.m.a.RequestMappingHandlerMapping -Mapped "{[/currencyPrice/list]}" onto public com.ant.admin.common.utils.Result com.ant.admin.controller.CurrencyPriceController.list(java.util.Map<java.lang.String, java.lang.Object>)
2018-10-19 11:00:50.279 [restartedMain] INFO  o.s.w.s.m.m.a.RequestMappingHandlerMapping -Mapped "{[/currencyPrice/save]}" onto public com.ant.admin.common.utils.Result com.ant.admin.controller.CurrencyPriceController.save(com.ant.entity.CurrencyPrice)
2018-10-19 11:00:50.279 [restartedMain] INFO  o.s.w.s.m.m.a.RequestMappingHandlerMapping -Mapped "{[/currencyPrice/info/{priceId}]}" onto public com.ant.admin.common.utils.Result com.ant.admin.controller.CurrencyPriceController.info(java.lang.Integer)
2018-10-19 11:00:50.287 [restartedMain] INFO  o.s.w.s.m.m.a.RequestMappingHandlerMapping -Mapped "{[/financial/update]}" onto public com.ant.admin.common.utils.Result com.ant.admin.controller.FinancialProductController.update(com.ant.entity.FinancialProduct)
2018-10-19 11:00:50.289 [restartedMain] INFO  o.s.w.s.m.m.a.RequestMappingHandlerMapping -Mapped "{[/financial/delete]}" onto public com.ant.admin.common.utils.Result com.ant.admin.controller.FinancialProductController.delete(java.lang.Integer[])
2018-10-19 11:00:50.289 [restartedMain] INFO  o.s.w.s.m.m.a.RequestMappingHandlerMapping -Mapped "{[/financial/save]}" onto public com.ant.admin.common.utils.Result com.ant.admin.controller.FinancialProductController.save(com.ant.entity.FinancialProduct)
2018-10-19 11:00:50.289 [restartedMain] INFO  o.s.w.s.m.m.a.RequestMappingHandlerMapping -Mapped "{[/financial/info/{productId}]}" onto public com.ant.admin.common.utils.Result com.ant.admin.controller.FinancialProductController.info(java.lang.Integer)
2018-10-19 11:00:50.289 [restartedMain] INFO  o.s.w.s.m.m.a.RequestMappingHandlerMapping -Mapped "{[/financial/list]}" onto public com.ant.admin.common.utils.Result com.ant.admin.controller.FinancialProductController.List(java.util.Map<java.lang.String, java.lang.Object>,com.ant.entity.FinancialProduct)
2018-10-19 11:00:50.289 [restartedMain] INFO  o.s.w.s.m.m.a.RequestMappingHandlerMapping -Mapped "{[/financial/updateShelve]}" onto public com.ant.admin.common.utils.Result com.ant.admin.controller.FinancialProductController.shelve(com.ant.entity.FinancialProduct) throws java.io.IOException
2018-10-19 11:00:50.289 [restartedMain] INFO  o.s.w.s.m.m.a.RequestMappingHandlerMapping -Mapped "{[/sys/login],methods=[POST]}" onto public com.ant.admin.common.utils.Result com.ant.admin.controller.LoginController.login(java.lang.String,java.lang.String,java.lang.String)
2018-10-19 11:00:50.289 [restartedMain] INFO  o.s.w.s.m.m.a.RequestMappingHandlerMapping -Mapped "{[/captcha.jpg]}" onto public void com.ant.admin.controller.LoginController.captcha(javax.servlet.http.HttpServletResponse) throws java.io.IOException
2018-10-19 11:00:50.289 [restartedMain] INFO  o.s.w.s.m.m.a.RequestMappingHandlerMapping -Mapped "{[/logout],methods=[GET]}" onto public java.lang.String com.ant.admin.controller.LoginController.logout()
2018-10-19 11:00:50.289 [restartedMain] INFO  o.s.w.s.m.m.a.RequestMappingHandlerMapping -Mapped "{[/sys/menu/update]}" onto public com.ant.admin.common.utils.Result com.ant.admin.controller.MenuController.update(com.ant.entity.Menu)
2018-10-19 11:00:50.289 [restartedMain] INFO  o.s.w.s.m.m.a.RequestMappingHandlerMapping -Mapped "{[/sys/menu/delete]}" onto public com.ant.admin.common.utils.Result com.ant.admin.controller.MenuController.delete(java.lang.Integer)
2018-10-19 11:00:50.289 [restartedMain] INFO  o.s.w.s.m.m.a.RequestMappingHandlerMapping -Mapped "{[/sys/menu/list]}" onto public java.util.List<com.ant.entity.Menu> com.ant.admin.controller.MenuController.list()
2018-10-19 11:00:50.289 [restartedMain] INFO  o.s.w.s.m.m.a.RequestMappingHandlerMapping -Mapped "{[/sys/menu/save]}" onto public com.ant.admin.common.utils.Result com.ant.admin.controller.MenuController.save(com.ant.entity.Menu)
2018-10-19 11:00:50.289 [restartedMain] INFO  o.s.w.s.m.m.a.RequestMappingHandlerMapping -Mapped "{[/sys/menu/info/{menuId}]}" onto public com.ant.admin.common.utils.Result com.ant.admin.controller.MenuController.info(java.lang.Integer)
2018-10-19 11:00:50.296 [restartedMain] INFO  o.s.w.s.m.m.a.RequestMappingHandlerMapping -Mapped "{[/sys/menu/nav]}" onto public com.ant.admin.common.utils.Result com.ant.admin.controller.MenuController.nav()
2018-10-19 11:00:50.296 [restartedMain] INFO  o.s.w.s.m.m.a.RequestMappingHandlerMapping -Mapped "{[/sys/menu/select]}" onto public com.ant.admin.common.utils.Result com.ant.admin.controller.MenuController.select()
2018-10-19 11:00:50.297 [restartedMain] INFO  o.s.w.s.m.m.a.RequestMappingHandlerMapping -Mapped "{[/miner/update]}" onto public com.ant.admin.common.utils.Result com.ant.admin.controller.MinerProductController.update(com.ant.entity.MinerProduct)
2018-10-19 11:00:50.306 [restartedMain] INFO  o.s.w.s.m.m.a.RequestMappingHandlerMapping -Mapped "{[/miner/delete]}" onto public com.ant.admin.common.utils.Result com.ant.admin.controller.MinerProductController.delete(java.lang.Integer[])
2018-10-19 11:00:50.306 [restartedMain] INFO  o.s.w.s.m.m.a.RequestMappingHandlerMapping -Mapped "{[/miner/list]}" onto public com.ant.admin.common.utils.Result com.ant.admin.controller.MinerProductController.list(java.util.Map<java.lang.String, java.lang.Object>,com.ant.entity.MinerProduct)
2018-10-19 11:00:50.307 [restartedMain] INFO  o.s.w.s.m.m.a.RequestMappingHandlerMapping -Mapped "{[/miner/save]}" onto public com.ant.admin.common.utils.Result com.ant.admin.controller.MinerProductController.save(com.ant.entity.MinerProduct)
2018-10-19 11:00:50.307 [restartedMain] INFO  o.s.w.s.m.m.a.RequestMappingHandlerMapping -Mapped "{[/miner/info/{productId}]}" onto public com.ant.admin.common.utils.Result com.ant.admin.controller.MinerProductController.info(java.lang.Integer) throws java.lang.Exception
2018-10-19 11:00:50.307 [restartedMain] INFO  o.s.w.s.m.m.a.RequestMappingHandlerMapping -Mapped "{[/miner/updateShelve]}" onto public com.ant.admin.common.utils.Result com.ant.admin.controller.MinerProductController.shelve(com.ant.entity.MinerProduct)
2018-10-19 11:00:50.309 [restartedMain] INFO  o.s.w.s.m.m.a.RequestMappingHandlerMapping -Mapped "{[/order/status]}" onto public com.ant.admin.common.utils.Result com.ant.admin.controller.OrderController.update(com.ant.entity.Order) throws java.text.ParseException
2018-10-19 11:00:50.309 [restartedMain] INFO  o.s.w.s.m.m.a.RequestMappingHandlerMapping -Mapped "{[/order/list]}" onto public com.ant.admin.common.utils.Result com.ant.admin.controller.OrderController.list(java.util.Map<java.lang.String, java.lang.Object>)
2018-10-19 11:00:50.309 [restartedMain] INFO  o.s.w.s.m.m.a.RequestMappingHandlerMapping -Mapped "{[/order/info/{orderId}]}" onto public com.ant.admin.common.utils.Result com.ant.admin.controller.OrderController.info(java.lang.Integer)
2018-10-19 11:00:50.309 [restartedMain] INFO  o.s.w.s.m.m.a.RequestMappingHandlerMapping -Mapped "{[/putForward/status]}" onto public com.ant.admin.common.utils.Result com.ant.admin.controller.PutForwardController.update(com.ant.entity.PutForward) throws java.text.ParseException
2018-10-19 11:00:50.309 [restartedMain] INFO  o.s.w.s.m.m.a.RequestMappingHandlerMapping -Mapped "{[/putForward/list]}" onto public com.ant.admin.common.utils.Result com.ant.admin.controller.PutForwardController.list(java.util.Map<java.lang.String, java.lang.Object>)
2018-10-19 11:00:50.309 [restartedMain] INFO  o.s.w.s.m.m.a.RequestMappingHandlerMapping -Mapped "{[/putForward/info/{putForwardId}]}" onto public com.ant.admin.common.utils.Result com.ant.admin.controller.PutForwardController.info(java.lang.Integer)
2018-10-19 11:00:50.309 [restartedMain] INFO  o.s.w.s.m.m.a.RequestMappingHandlerMapping -Mapped "{[/sys/role/update]}" onto public com.ant.admin.common.utils.Result com.ant.admin.controller.RoleController.update(com.ant.entity.Role)
2018-10-19 11:00:50.309 [restartedMain] INFO  o.s.w.s.m.m.a.RequestMappingHandlerMapping -Mapped "{[/sys/role/delete]}" onto public com.ant.admin.common.utils.Result com.ant.admin.controller.RoleController.delete(java.lang.Integer[])
2018-10-19 11:00:50.309 [restartedMain] INFO  o.s.w.s.m.m.a.RequestMappingHandlerMapping -Mapped "{[/sys/role/list]}" onto public com.ant.admin.common.utils.Result com.ant.admin.controller.RoleController.list(java.util.Map<java.lang.String, java.lang.Object>)
2018-10-19 11:00:50.309 [restartedMain] INFO  o.s.w.s.m.m.a.RequestMappingHandlerMapping -Mapped "{[/sys/role/save]}" onto public com.ant.admin.common.utils.Result com.ant.admin.controller.RoleController.save(com.ant.entity.Role)
2018-10-19 11:00:50.309 [restartedMain] INFO  o.s.w.s.m.m.a.RequestMappingHandlerMapping -Mapped "{[/sys/role/info/{roleId}]}" onto public com.ant.admin.common.utils.Result com.ant.admin.controller.RoleController.info(java.lang.Integer)
2018-10-19 11:00:50.325 [restartedMain] INFO  o.s.w.s.m.m.a.RequestMappingHandlerMapping -Mapped "{[/sys/role/select]}" onto public com.ant.admin.common.utils.Result com.ant.admin.controller.RoleController.select()
2018-10-19 11:00:50.325 [restartedMain] INFO  o.s.w.s.m.m.a.RequestMappingHandlerMapping -Mapped "{[/index.html]}" onto public java.lang.String com.ant.admin.controller.SysPageController.index()
2018-10-19 11:00:50.325 [restartedMain] INFO  o.s.w.s.m.m.a.RequestMappingHandlerMapping -Mapped "{[/main.html]}" onto public java.lang.String com.ant.admin.controller.SysPageController.main()
2018-10-19 11:00:50.325 [restartedMain] INFO  o.s.w.s.m.m.a.RequestMappingHandlerMapping -Mapped "{[/editor.html]}" onto public java.lang.String com.ant.admin.controller.SysPageController.editor()
2018-10-19 11:00:50.325 [restartedMain] INFO  o.s.w.s.m.m.a.RequestMappingHandlerMapping -Mapped "{[/test.html]}" onto public java.lang.String com.ant.admin.controller.SysPageController.test()
2018-10-19 11:00:50.328 [restartedMain] INFO  o.s.w.s.m.m.a.RequestMappingHandlerMapping -Mapped "{[/index1.html]}" onto public java.lang.String com.ant.admin.controller.SysPageController.index1()
2018-10-19 11:00:50.328 [restartedMain] INFO  o.s.w.s.m.m.a.RequestMappingHandlerMapping -Mapped "{[/modules/{module}/{url}.html]}" onto public java.lang.String com.ant.admin.controller.SysPageController.module(java.lang.String,java.lang.String)
2018-10-19 11:00:50.328 [restartedMain] INFO  o.s.w.s.m.m.a.RequestMappingHandlerMapping -Mapped "{[/index2.html]}" onto public java.lang.String com.ant.admin.controller.SysPageController.index2()
2018-10-19 11:00:50.328 [restartedMain] INFO  o.s.w.s.m.m.a.RequestMappingHandlerMapping -Mapped "{[/{index}.html]}" onto public java.lang.String com.ant.admin.controller.SysPageController.toIndex(java.lang.String)
2018-10-19 11:00:50.328 [restartedMain] INFO  o.s.w.s.m.m.a.RequestMappingHandlerMapping -Mapped "{[/login.html]}" onto public java.lang.String com.ant.admin.controller.SysPageController.login()
2018-10-19 11:00:50.328 [restartedMain] INFO  o.s.w.s.m.m.a.RequestMappingHandlerMapping -Mapped "{[/]}" onto public java.lang.String com.ant.admin.controller.SysPageController.mobile()
2018-10-19 11:00:50.328 [restartedMain] INFO  o.s.w.s.m.m.a.RequestMappingHandlerMapping -Mapped "{[/404.html]}" onto public java.lang.String com.ant.admin.controller.SysPageController.notFound()
2018-10-19 11:00:50.330 [restartedMain] INFO  o.s.w.s.m.m.a.RequestMappingHandlerMapping -Mapped "{[/sys/user/update]}" onto public com.ant.admin.common.utils.Result com.ant.admin.controller.SysUserController.update(com.ant.entity.SysUser)
2018-10-19 11:00:50.330 [restartedMain] INFO  o.s.w.s.m.m.a.RequestMappingHandlerMapping -Mapped "{[/sys/user/delete]}" onto public com.ant.admin.common.utils.Result com.ant.admin.controller.SysUserController.delete(java.lang.Integer[])
2018-10-19 11:00:50.330 [restartedMain] INFO  o.s.w.s.m.m.a.RequestMappingHandlerMapping -Mapped "{[/sys/user/list]}" onto public com.ant.admin.common.utils.Result com.ant.admin.controller.SysUserController.list(java.util.Map<java.lang.String, java.lang.Object>)
2018-10-19 11:00:50.330 [restartedMain] INFO  o.s.w.s.m.m.a.RequestMappingHandlerMapping -Mapped "{[/sys/user/save]}" onto public com.ant.admin.common.utils.Result com.ant.admin.controller.SysUserController.save(com.ant.entity.SysUser)
2018-10-19 11:00:50.330 [restartedMain] INFO  o.s.w.s.m.m.a.RequestMappingHandlerMapping -Mapped "{[/sys/user/info/{userId}]}" onto public com.ant.admin.common.utils.Result com.ant.admin.controller.SysUserController.info(java.lang.Integer)
2018-10-19 11:00:50.330 [restartedMain] INFO  o.s.w.s.m.m.a.RequestMappingHandlerMapping -Mapped "{[/sys/user/info]}" onto public com.ant.admin.common.utils.Result com.ant.admin.controller.SysUserController.info()
2018-10-19 11:00:50.330 [restartedMain] INFO  o.s.w.s.m.m.a.RequestMappingHandlerMapping -Mapped "{[/sys/user/password]}" onto public com.ant.admin.common.utils.Result com.ant.admin.controller.SysUserController.password(java.lang.String,java.lang.String)
2018-10-19 11:00:50.345 [restartedMain] INFO  o.s.w.s.m.m.a.RequestMappingHandlerMapping -Mapped "{[/test/insertAllIncome]}" onto public com.ant.admin.common.utils.Result com.ant.admin.controller.TestController.insertAllIncome()
2018-10-19 11:00:50.348 [restartedMain] INFO  o.s.w.s.m.m.a.RequestMappingHandlerMapping -Mapped "{[/test/updateTypeByTime]}" onto public com.ant.admin.common.utils.Result com.ant.admin.controller.TestController.updateTypeByTime()
2018-10-19 11:00:50.348 [restartedMain] INFO  o.s.w.s.m.m.a.RequestMappingHandlerMapping -Mapped "{[/tstimate/update]}" onto public com.ant.admin.common.utils.Result com.ant.admin.controller.TitimateController.update(com.ant.entity.Tstimate)
2018-10-19 11:00:50.350 [restartedMain] INFO  o.s.w.s.m.m.a.RequestMappingHandlerMapping -Mapped "{[/tstimate/delete]}" onto public com.ant.admin.common.utils.Result com.ant.admin.controller.TitimateController.delete(java.lang.Integer[])
2018-10-19 11:00:50.350 [restartedMain] INFO  o.s.w.s.m.m.a.RequestMappingHandlerMapping -Mapped "{[/tstimate/list]}" onto public com.ant.admin.common.utils.Result com.ant.admin.controller.TitimateController.list(java.util.Map<java.lang.String, java.lang.Object>)
2018-10-19 11:00:50.350 [restartedMain] INFO  o.s.w.s.m.m.a.RequestMappingHandlerMapping -Mapped "{[/tstimate/save]}" onto public com.ant.admin.common.utils.Result com.ant.admin.controller.TitimateController.save(com.ant.entity.Tstimate)
2018-10-19 11:00:50.350 [restartedMain] INFO  o.s.w.s.m.m.a.RequestMappingHandlerMapping -Mapped "{[/tstimate/info/{tstimateId}]}" onto public com.ant.admin.common.utils.Result com.ant.admin.controller.TitimateController.info(java.lang.Integer)
2018-10-19 11:00:50.350 [restartedMain] INFO  o.s.w.s.m.m.a.RequestMappingHandlerMapping -Mapped "{[/totices/update]}" onto public com.ant.admin.common.utils.Result com.ant.admin.controller.ToticesController.update(com.ant.entity.Totices)
2018-10-19 11:00:50.350 [restartedMain] INFO  o.s.w.s.m.m.a.RequestMappingHandlerMapping -Mapped "{[/totices/delete]}" onto public com.ant.admin.common.utils.Result com.ant.admin.controller.ToticesController.delete(java.lang.Integer[])
2018-10-19 11:00:50.350 [restartedMain] INFO  o.s.w.s.m.m.a.RequestMappingHandlerMapping -Mapped "{[/totices/list]}" onto public com.ant.admin.common.utils.Result com.ant.admin.controller.ToticesController.list(java.util.Map<java.lang.String, java.lang.Object>,com.ant.entity.Totices)
2018-10-19 11:00:50.350 [restartedMain] INFO  o.s.w.s.m.m.a.RequestMappingHandlerMapping -Mapped "{[/totices/save]}" onto public com.ant.admin.common.utils.Result com.ant.admin.controller.ToticesController.save(com.ant.entity.Totices)
2018-10-19 11:00:50.350 [restartedMain] INFO  o.s.w.s.m.m.a.RequestMappingHandlerMapping -Mapped "{[/totices/info/{toticesId}]}" onto public com.ant.admin.common.utils.Result com.ant.admin.controller.ToticesController.info(java.lang.Integer)
2018-10-19 11:00:50.350 [restartedMain] INFO  o.s.w.s.m.m.a.RequestMappingHandlerMapping -Mapped "{[/user/user/update]}" onto public com.ant.admin.common.utils.Result com.ant.admin.controller.UserController.update(com.ant.entity.User)
2018-10-19 11:00:50.350 [restartedMain] INFO  o.s.w.s.m.m.a.RequestMappingHandlerMapping -Mapped "{[/user/user/delete]}" onto public com.ant.admin.common.utils.Result com.ant.admin.controller.UserController.delete(java.lang.Integer[])
2018-10-19 11:00:50.350 [restartedMain] INFO  o.s.w.s.m.m.a.RequestMappingHandlerMapping -Mapped "{[/user/user/list]}" onto public com.ant.admin.common.utils.Result com.ant.admin.controller.UserController.list(com.ant.entity.User)
2018-10-19 11:00:50.350 [restartedMain] INFO  o.s.w.s.m.m.a.RequestMappingHandlerMapping -Mapped "{[/user/user/save]}" onto public com.ant.admin.common.utils.Result com.ant.admin.controller.UserController.save(com.ant.entity.User)
2018-10-19 11:00:50.354 [restartedMain] INFO  o.s.w.s.m.m.a.RequestMappingHandlerMapping -Mapped "{[/user/user/query]}" onto public com.ant.admin.common.utils.Result com.ant.admin.controller.UserController.query(com.ant.entity.User)
2018-10-19 11:00:50.360 [restartedMain] INFO  o.s.w.s.m.m.a.RequestMappingHandlerMapping -Mapped "{[/user/user/info/{userId}]}" onto public com.ant.admin.common.utils.Result com.ant.admin.controller.UserController.info(java.lang.Integer)
2018-10-19 11:00:50.362 [restartedMain] INFO  o.s.w.s.m.m.a.RequestMappingHandlerMapping -Mapped "{[/user/user/page]}" onto public com.ant.admin.common.utils.Result com.ant.admin.controller.UserController.page(java.util.Map<java.lang.String, java.lang.Object>,com.ant.entity.User)
2018-10-19 11:00:50.362 [restartedMain] INFO  o.s.w.s.m.m.a.RequestMappingHandlerMapping -Mapped "{[/error]}" onto public org.springframework.http.ResponseEntity<java.util.Map<java.lang.String, java.lang.Object>> org.springframework.boot.autoconfigure.web.servlet.error.BasicErrorController.error(javax.servlet.http.HttpServletRequest)
2018-10-19 11:00:50.362 [restartedMain] INFO  o.s.w.s.m.m.a.RequestMappingHandlerMapping -Mapped "{[/error],produces=[text/html]}" onto public org.springframework.web.servlet.ModelAndView org.springframework.boot.autoconfigure.web.servlet.error.BasicErrorController.errorHtml(javax.servlet.http.HttpServletRequest,javax.servlet.http.HttpServletResponse)
2018-10-19 11:00:50.438 [restartedMain] INFO  o.s.w.s.h.SimpleUrlHandlerMapping -Mapped URL path [/webjars/**] onto handler of type [class org.springframework.web.servlet.resource.ResourceHttpRequestHandler]
2018-10-19 11:00:50.438 [restartedMain] INFO  o.s.w.s.h.SimpleUrlHandlerMapping -Mapped URL path [/**] onto handler of type [class org.springframework.web.servlet.resource.ResourceHttpRequestHandler]
2018-10-19 11:00:50.438 [restartedMain] INFO  o.s.w.s.h.SimpleUrlHandlerMapping -Mapped URL path [/statics/**] onto handler of type [class org.springframework.web.servlet.resource.ResourceHttpRequestHandler]
2018-10-19 11:00:50.491 [restartedMain] INFO  o.s.w.s.m.m.a.ExceptionHandlerExceptionResolver -Detected @ExceptionHandler methods in RRExceptionHandler
2018-10-19 11:00:50.579 [restartedMain] INFO  o.s.b.a.w.s.WelcomePageHandlerMapping -Adding welcome page template: index
2018-10-19 11:00:51.768 [restartedMain] INFO  o.s.b.d.a.OptionalLiveReloadServer -LiveReload server is running on port 35729
2018-10-19 11:00:51.815 [restartedMain] INFO  o.s.j.e.a.AnnotationMBeanExporter -Registering beans for JMX exposure on startup
2018-10-19 11:00:51.816 [restartedMain] INFO  o.s.j.e.a.AnnotationMBeanExporter -Bean with name 'dataSource' has been autodetected for JMX exposure
2018-10-19 11:00:51.816 [restartedMain] INFO  o.s.j.e.a.AnnotationMBeanExporter -Located MBean 'dataSource': registering with JMX server as MBean [admin:name=dataSource,type=DruidDataSource]
2018-10-19 11:00:51.835 [restartedMain] INFO  o.s.s.a.ScheduledAnnotationBeanPostProcessor -No TaskScheduler/ScheduledExecutorService bean found for scheduled processing
2018-10-19 11:00:51.878 [restartedMain] INFO  o.s.b.w.e.tomcat.TomcatWebServer -Tomcat started on port(s): 8081 (http) with context path ''
2018-10-19 11:00:51.888 [restartedMain] INFO  com.ant.admin.AdminApplication -Started AdminApplication in 11.861 seconds (JVM running for 13.181)
2018-10-19 11:03:42.309 [restartedMain] INFO  com.ant.webPage.WebPageApplication -Starting WebPageApplication on DESKTOP-3HSGT6Q with PID 2052 (D:\Billing\IdeaProjects\70pool\webPage\out\production\classes started by 13402 in D:\Billing\IdeaProjects\70pool)
2018-10-19 11:03:42.313 [restartedMain] INFO  com.ant.webPage.WebPageApplication -The following profiles are active: dev
2018-10-19 11:03:42.402 [restartedMain] INFO  o.s.b.w.s.c.AnnotationConfigServletWebServerApplicationContext -Refreshing org.springframework.boot.web.servlet.context.AnnotationConfigServletWebServerApplicationContext@27f10f9c: startup date [Fri Oct 19 11:03:42 CST 2018]; root of context hierarchy
2018-10-19 11:03:44.233 [restartedMain] INFO  o.s.d.r.c.RepositoryConfigurationDelegate -Multiple Spring Data modules found, entering strict repository configuration mode!
2018-10-19 11:03:44.278 [restartedMain] INFO  o.s.d.r.c.RepositoryConfigurationDelegate -Multiple Spring Data modules found, entering strict repository configuration mode!
2018-10-19 11:03:44.919 [restartedMain] INFO  o.s.c.s.PostProcessorRegistrationDelegate$BeanPostProcessorChecker -Bean 'org.springframework.transaction.annotation.ProxyTransactionManagementConfiguration' of type [org.springframework.transaction.annotation.ProxyTransactionManagementConfiguration$$EnhancerBySpringCGLIB$$1ea7751f] is not eligible for getting processed by all BeanPostProcessors (for example: not eligible for auto-proxying)
2018-10-19 11:03:45.501 [restartedMain] INFO  o.s.b.w.e.tomcat.TomcatWebServer -Tomcat initialized with port(s): 8082 (http)
2018-10-19 11:03:45.521 [restartedMain] INFO  o.a.catalina.core.StandardService -Starting service [Tomcat]
2018-10-19 11:03:45.531 [restartedMain] INFO  o.a.catalina.core.StandardEngine -Starting Servlet Engine: Apache Tomcat/8.5.28
2018-10-19 11:03:45.540 [localhost-startStop-1] INFO  o.a.c.core.AprLifecycleListener -Loaded APR based Apache Tomcat Native library [1.2.16] using APR version [1.6.3].
2018-10-19 11:03:45.540 [localhost-startStop-1] INFO  o.a.c.core.AprLifecycleListener -APR capabilities: IPv6 [true], sendfile [true], accept filters [false], random [true].
2018-10-19 11:03:45.540 [localhost-startStop-1] INFO  o.a.c.core.AprLifecycleListener -APR/OpenSSL configuration: useAprConnector [false], useOpenSSL [true]
2018-10-19 11:03:46.571 [localhost-startStop-1] INFO  o.a.c.core.AprLifecycleListener -OpenSSL successfully initialized [OpenSSL 1.0.2m  2 Nov 2017]
2018-10-19 11:03:46.700 [localhost-startStop-1] INFO  o.a.c.c.C.[Tomcat].[localhost].[/] -Initializing Spring embedded WebApplicationContext
2018-10-19 11:03:46.700 [localhost-startStop-1] INFO  o.s.web.context.ContextLoader -Root WebApplicationContext: initialization completed in 4299 ms
2018-10-19 11:03:46.882 [localhost-startStop-1] INFO  o.s.b.w.s.ServletRegistrationBean -Servlet dispatcherServlet mapped to [/]
2018-10-19 11:03:46.890 [localhost-startStop-1] INFO  o.s.b.w.s.FilterRegistrationBean -Mapping filter: 'characterEncodingFilter' to: [/*]
2018-10-19 11:03:46.890 [localhost-startStop-1] INFO  o.s.b.w.s.FilterRegistrationBean -Mapping filter: 'hiddenHttpMethodFilter' to: [/*]
2018-10-19 11:03:46.890 [localhost-startStop-1] INFO  o.s.b.w.s.FilterRegistrationBean -Mapping filter: 'httpPutFormContentFilter' to: [/*]
2018-10-19 11:03:46.890 [localhost-startStop-1] INFO  o.s.b.w.s.FilterRegistrationBean -Mapping filter: 'requestContextFilter' to: [/*]
2018-10-19 11:03:47.205 [restartedMain] INFO  c.alibaba.druid.pool.DruidDataSource -{dataSource-1} inited
2018-10-19 11:03:47.499 [restartedMain] INFO  o.s.o.j.LocalContainerEntityManagerFactoryBean -Building JPA container EntityManagerFactory for persistence unit 'default'
2018-10-19 11:03:47.521 [restartedMain] INFO  o.h.jpa.internal.util.LogHelper -HHH000204: Processing PersistenceUnitInfo [
	name: default
	...]
2018-10-19 11:03:47.603 [restartedMain] INFO  org.hibernate.Version -HHH000412: Hibernate Core {5.2.14.Final}
2018-10-19 11:03:47.611 [restartedMain] INFO  org.hibernate.cfg.Environment -HHH000206: hibernate.properties not found
2018-10-19 11:03:47.665 [restartedMain] INFO  o.h.annotations.common.Version -HCANN000001: Hibernate Commons Annotations {5.0.1.Final}
2018-10-19 11:03:47.881 [restartedMain] INFO  org.hibernate.dialect.Dialect -HHH000400: Using dialect: org.hibernate.dialect.MySQL5Dialect
2018-10-19 11:03:48.153 [restartedMain] INFO  o.s.o.j.LocalContainerEntityManagerFactoryBean -Initialized JPA EntityManagerFactory for persistence unit 'default'
2018-10-19 11:03:48.440 [http-nio-8081-exec-1] INFO  o.a.c.c.C.[Tomcat].[localhost].[/] -Initializing Spring FrameworkServlet 'dispatcherServlet'
2018-10-19 11:03:48.444 [http-nio-8081-exec-1] INFO  o.s.web.servlet.DispatcherServlet -FrameworkServlet 'dispatcherServlet': initialization started
2018-10-19 11:03:48.540 [http-nio-8081-exec-1] INFO  o.s.web.servlet.DispatcherServlet -FrameworkServlet 'dispatcherServlet': initialization completed in 94 ms
2018-10-19 11:03:48.574 [http-nio-8081-exec-1] INFO  o.a.s.s.m.AbstractValidatingSessionManager -Enabling session validation scheduler...
2018-10-19 11:03:51.523 [restartedMain] INFO  o.s.w.s.m.m.a.RequestMappingHandlerAdapter -Looking for @ControllerAdvice: org.springframework.boot.web.servlet.context.AnnotationConfigServletWebServerApplicationContext@27f10f9c: startup date [Fri Oct 19 11:03:42 CST 2018]; root of context hierarchy
2018-10-19 11:03:51.599 [restartedMain] WARN  o.s.b.a.o.j.JpaBaseConfiguration$JpaWebConfiguration$JpaWebMvcConfiguration -spring.jpa.open-in-view is enabled by default. Therefore, database queries may be performed during view rendering. Explicitly configure spring.jpa.open-in-view to disable this warning
2018-10-19 11:03:51.666 [restartedMain] INFO  o.s.w.s.m.m.a.RequestMappingHandlerMapping -Mapped "{[/bank/add],methods=[POST]}" onto public com.ant.webPage.util.Result com.ant.webPage.controller.BankController.add(com.ant.entity.User,java.lang.String,java.lang.String,java.lang.String)
2018-10-19 11:03:51.669 [restartedMain] INFO  o.s.w.s.m.m.a.RequestMappingHandlerMapping -Mapped "{[/bank/update],methods=[POST]}" onto public com.ant.webPage.util.Result com.ant.webPage.controller.BankController.update(com.ant.entity.User,java.lang.String,java.lang.String,java.lang.String,java.lang.Integer)
2018-10-19 11:03:51.670 [restartedMain] INFO  o.s.w.s.m.m.a.RequestMappingHandlerMapping -Mapped "{[/bank/find],methods=[POST]}" onto public com.ant.webPage.util.Result com.ant.webPage.controller.BankController.find(com.ant.entity.User)
2018-10-19 11:03:51.671 [restartedMain] INFO  o.s.w.s.m.m.a.RequestMappingHandlerMapping -Mapped "{[/btcAddr/add]}" onto public com.ant.webPage.util.Result com.ant.webPage.controller.BtcAddrController.add(com.ant.entity.User,java.lang.String)
2018-10-19 11:03:51.673 [restartedMain] INFO  o.s.w.s.m.m.a.RequestMappingHandlerMapping -Mapped "{[/btcAddr/update]}" onto public com.ant.webPage.util.Result com.ant.webPage.controller.BtcAddrController.update(com.ant.entity.User,java.lang.String,java.lang.Integer)
2018-10-19 11:03:51.673 [restartedMain] INFO  o.s.w.s.m.m.a.RequestMappingHandlerMapping -Mapped "{[/btcAddr/find],methods=[POST]}" onto public com.ant.webPage.util.Result com.ant.webPage.controller.BtcAddrController.find(com.ant.entity.User)
2018-10-19 11:03:51.675 [restartedMain] INFO  o.s.w.s.m.m.a.RequestMappingHandlerMapping -Mapped "{[/cloud/findList],methods=[GET]}" onto public com.ant.webPage.util.Result com.ant.webPage.controller.CloudProductController.list()
2018-10-19 11:03:51.675 [restartedMain] INFO  o.s.w.s.m.m.a.RequestMappingHandlerMapping -Mapped "{[/cloud/findOne/{productId}],methods=[GET]}" onto public com.ant.webPage.util.Result com.ant.webPage.controller.CloudProductController.info(java.lang.Integer)
2018-10-19 11:03:51.675 [restartedMain] INFO  o.s.w.s.m.m.a.RequestMappingHandlerMapping -Mapped "{[/cloud/findFirst],methods=[POST]}" onto public com.ant.webPage.util.Result com.ant.webPage.controller.CloudProductController.findOne()
2018-10-19 11:03:51.675 [restartedMain] INFO  o.s.w.s.m.m.a.RequestMappingHandlerMapping -Mapped "{[/financial/findOne/{productId}],methods=[GET]}" onto public com.ant.webPage.util.Result com.ant.webPage.controller.FinancialProductController.info(java.lang.Integer)
2018-10-19 11:03:51.675 [restartedMain] INFO  o.s.w.s.m.m.a.RequestMappingHandlerMapping -Mapped "{[/financial/findList],methods=[GET]}" onto public com.ant.webPage.util.Result com.ant.webPage.controller.FinancialProductController.List()
2018-10-19 11:03:51.675 [restartedMain] INFO  o.s.w.s.m.m.a.RequestMappingHandlerMapping -Mapped "{[/financial/findFour],methods=[GET]}" onto public com.ant.webPage.util.Result com.ant.webPage.controller.FinancialProductController.findFour()
2018-10-19 11:03:51.680 [restartedMain] INFO  o.s.w.s.m.m.a.RequestMappingHandlerMapping -Mapped "{[/login/register],methods=[POST]}" onto public com.ant.webPage.util.Result com.ant.webPage.controller.LoginController.register(java.lang.String,java.lang.String,java.lang.String,java.lang.String)
2018-10-19 11:03:51.680 [restartedMain] INFO  o.s.w.s.m.m.a.RequestMappingHandlerMapping -Mapped "{[/login/sendCode],methods=[POST]}" onto public com.ant.webPage.util.Result com.ant.webPage.controller.LoginController.sendCode(java.lang.String,java.lang.Integer) throws com.aliyuncs.exceptions.ClientException
2018-10-19 11:03:51.680 [restartedMain] INFO  o.s.w.s.m.m.a.RequestMappingHandlerMapping -Mapped "{[/login/login],methods=[POST]}" onto public com.ant.webPage.util.Result com.ant.webPage.controller.LoginController.login(java.lang.String,java.lang.String)
2018-10-19 11:03:51.680 [restartedMain] INFO  o.s.w.s.m.m.a.RequestMappingHandlerMapping -Mapped "{[/login/logout],methods=[GET]}" onto public java.lang.String com.ant.webPage.controller.LoginController.logout()
2018-10-19 11:03:51.683 [restartedMain] INFO  o.s.w.s.m.m.a.RequestMappingHandlerMapping -Mapped "{[/login/resetPass],methods=[POST]}" onto public com.ant.webPage.util.Result com.ant.webPage.controller.LoginController.resetPass(java.lang.String,java.lang.String,java.lang.String,java.lang.String)
2018-10-19 11:03:51.685 [restartedMain] INFO  o.s.w.s.m.m.a.RequestMappingHandlerMapping -Mapped "{[/login/registerNoCode],methods=[POST]}" onto public com.ant.webPage.util.Result com.ant.webPage.controller.LoginController.registerNoCode(java.lang.String,java.lang.String,java.lang.String)
2018-10-19 11:03:51.685 [restartedMain] INFO  o.s.w.s.m.m.a.RequestMappingHandlerMapping -Mapped "{[/login/resetPassNoCode],methods=[POST]}" onto public com.ant.webPage.util.Result com.ant.webPage.controller.LoginController.resetPassNoCode(java.lang.String,java.lang.String,java.lang.String)
2018-10-19 11:03:51.685 [restartedMain] INFO  o.s.w.s.m.m.a.RequestMappingHandlerMapping -Mapped "{[/miner/findList],methods=[GET]}" onto public com.ant.webPage.util.Result com.ant.webPage.controller.MinerProductController.list()
2018-10-19 11:03:51.688 [restartedMain] INFO  o.s.w.s.m.m.a.RequestMappingHandlerMapping -Mapped "{[/miner/findOne/{productId}],methods=[GET]}" onto public com.ant.webPage.util.Result com.ant.webPage.controller.MinerProductController.info(java.lang.Integer) throws java.lang.Exception
2018-10-19 11:03:51.688 [restartedMain] INFO  o.s.w.s.m.m.a.RequestMappingHandlerMapping -Mapped "{[/order/add]}" onto public com.ant.webPage.util.Result com.ant.webPage.controller.OrderController.add(com.ant.entity.User,java.lang.Integer,java.math.BigDecimal,java.math.BigDecimal,java.math.BigDecimal)
2018-10-19 11:03:51.693 [restartedMain] INFO  o.s.w.s.m.m.a.RequestMappingHandlerMapping -Mapped "{[/order/findOne],methods=[POST]}" onto public com.ant.webPage.util.Result com.ant.webPage.controller.OrderController.findOrder(com.ant.entity.User,java.lang.Integer)
2018-10-19 11:03:51.693 [restartedMain] INFO  o.s.w.s.m.m.a.RequestMappingHandlerMapping -Mapped "{[/order/profit],methods=[POST]}" onto public com.ant.webPage.util.Result com.ant.webPage.controller.OrderController.profit(java.math.BigDecimal,java.math.BigDecimal,java.math.BigDecimal)
2018-10-19 11:03:51.693 [restartedMain] INFO  o.s.w.s.m.m.a.RequestMappingHandlerMapping -Mapped "{[/order/actualReceipts],methods=[POST]}" onto public com.ant.webPage.util.Result com.ant.webPage.controller.OrderController.profit(java.math.BigDecimal,java.math.BigDecimal)
2018-10-19 11:03:51.695 [restartedMain] INFO  o.s.w.s.m.m.a.RequestMappingHandlerMapping -Mapped "{[/orderRecord/my]}" onto public com.ant.webPage.util.Result com.ant.webPage.controller.OrderRecordController.record(com.ant.entity.User)
2018-10-19 11:03:51.695 [restartedMain] INFO  o.s.w.s.m.m.a.RequestMappingHandlerMapping -Mapped "{[/presentRecord/my]}" onto public com.ant.webPage.util.Result com.ant.webPage.controller.PresentRecordController.record(com.ant.entity.User)
2018-10-19 11:03:51.695 [restartedMain] INFO  o.s.w.s.m.m.a.RequestMappingHandlerMapping -Mapped "{[/putForward/add]}" onto public com.ant.webPage.util.Result com.ant.webPage.controller.PutForwardController.add(com.ant.entity.User,java.lang.Integer,java.math.BigDecimal,java.math.BigDecimal)
2018-10-19 11:03:51.697 [restartedMain] INFO  o.s.w.s.m.m.a.RequestMappingHandlerMapping -Mapped "{[/tstimate/first],methods=[GET]}" onto public com.ant.webPage.util.Result com.ant.webPage.controller.TitimateController.first()
2018-10-19 11:03:51.697 [restartedMain] INFO  o.s.w.s.m.m.a.RequestMappingHandlerMapping -Mapped "{[/totices/findOne/{toticesId}]}" onto public com.ant.webPage.util.Result com.ant.webPage.controller.ToticesController.info(java.lang.Integer)
2018-10-19 11:03:51.697 [restartedMain] INFO  o.s.w.s.m.m.a.RequestMappingHandlerMapping -Mapped "{[/totices/findList],methods=[GET]}" onto public com.ant.webPage.util.Result com.ant.webPage.controller.ToticesController.findList()
2018-10-19 11:03:51.697 [restartedMain] INFO  o.s.w.s.m.m.a.RequestMappingHandlerMapping -Mapped "{[/user/my]}" onto public com.ant.webPage.util.Result com.ant.webPage.controller.UserController.my(com.ant.entity.User)
2018-10-19 11:03:51.697 [restartedMain] INFO  o.s.w.s.m.m.a.RequestMappingHandlerMapping -Mapped "{[/user/revenueRecord]}" onto public com.ant.webPage.util.Result com.ant.webPage.controller.UserController.revenueRecord(com.ant.entity.User)
2018-10-19 11:03:51.697 [restartedMain] INFO  o.s.w.s.m.m.a.RequestMappingHandlerMapping -Mapped "{[/user/detailed]}" onto private com.ant.webPage.util.Result com.ant.webPage.controller.UserController.detailed(com.ant.entity.User)
2018-10-19 11:03:51.702 [restartedMain] INFO  o.s.w.s.m.m.a.RequestMappingHandlerMapping -Mapped "{[/error]}" onto public org.springframework.http.ResponseEntity<java.util.Map<java.lang.String, java.lang.Object>> org.springframework.boot.autoconfigure.web.servlet.error.BasicErrorController.error(javax.servlet.http.HttpServletRequest)
2018-10-19 11:03:51.702 [restartedMain] INFO  o.s.w.s.m.m.a.RequestMappingHandlerMapping -Mapped "{[/error],produces=[text/html]}" onto public org.springframework.web.servlet.ModelAndView org.springframework.boot.autoconfigure.web.servlet.error.BasicErrorController.errorHtml(javax.servlet.http.HttpServletRequest,javax.servlet.http.HttpServletResponse)
2018-10-19 11:03:51.776 [restartedMain] INFO  o.s.w.s.h.SimpleUrlHandlerMapping -Mapped URL path [/webjars/**] onto handler of type [class org.springframework.web.servlet.resource.ResourceHttpRequestHandler]
2018-10-19 11:03:51.776 [restartedMain] INFO  o.s.w.s.h.SimpleUrlHandlerMapping -Mapped URL path [/**] onto handler of type [class org.springframework.web.servlet.resource.ResourceHttpRequestHandler]
2018-10-19 11:03:51.876 [restartedMain] INFO  o.s.w.s.h.SimpleUrlHandlerMapping -Mapped URL path [/**/favicon.ico] onto handler of type [class org.springframework.web.servlet.resource.ResourceHttpRequestHandler]
2018-10-19 11:03:51.913 [restartedMain] INFO  o.s.b.a.w.s.WelcomePageHandlerMapping -Adding welcome page: class path resource [static/index.html]
2018-10-19 11:03:52.444 [restartedMain] WARN  o.s.b.d.a.OptionalLiveReloadServer -Unable to start LiveReload server
2018-10-19 11:03:52.617 [restartedMain] INFO  o.s.j.e.a.AnnotationMBeanExporter -Registering beans for JMX exposure on startup
2018-10-19 11:03:52.619 [restartedMain] INFO  o.s.j.e.a.AnnotationMBeanExporter -Bean with name 'dataSource' has been autodetected for JMX exposure
2018-10-19 11:03:52.628 [restartedMain] INFO  o.s.j.e.a.AnnotationMBeanExporter -Located MBean 'dataSource': registering with JMX server as MBean [com.alibaba.druid.pool:name=dataSource,type=DruidDataSource]
2018-10-19 11:03:52.679 [restartedMain] INFO  o.s.b.w.e.tomcat.TomcatWebServer -Tomcat started on port(s): 8082 (http) with context path ''
2018-10-19 11:03:52.683 [restartedMain] INFO  com.ant.webPage.WebPageApplication -Started WebPageApplication in 11.594 seconds (JVM running for 12.429)
2018-10-19 11:03:57.661 [http-nio-8081-exec-15] DEBUG c.ant.admin.dao.SysUserDao.selectOne -==>  Preparing: SELECT user_id AS userId,user_name AS userName,`password`,salt,mobile,email,`status`,create_time AS createTime FROM t_sys_user WHERE user_name=? 
2018-10-19 11:03:57.675 [http-nio-8081-exec-15] DEBUG c.ant.admin.dao.SysUserDao.selectOne -==> Parameters: admin(String)
2018-10-19 11:03:57.693 [http-nio-8081-exec-15] DEBUG c.ant.admin.dao.SysUserDao.selectOne -<==      Total: 1
2018-10-19 11:03:57.701 [http-nio-8081-exec-15] INFO  c.a.a.c.config.CredentialsMatcher -YzcmCZNvbXocrsz9dm8e
2018-10-19 11:03:57.701 [http-nio-8081-exec-15] INFO  c.a.a.c.config.CredentialsMatcher -e1153123d7d180ceeb820d577ff119876678732a68eef4e6ffc0b1f06a01f91b
2018-10-19 11:03:57.701 [http-nio-8081-exec-15] INFO  c.a.a.c.config.CredentialsMatcher -e1153123d7d180ceeb820d577ff119876678732a68eef4e6ffc0b1f06a01f91b
2018-10-19 11:03:57.711 [http-nio-8081-exec-15] INFO  c.a.admin.controller.LoginController -com.ant.entity.SysUser@4ad41b59
2018-10-19 11:03:58.039 [http-nio-8081-exec-1] DEBUG c.a.a.dao.MenuDao.queryListParentId -==>  Preparing: select * from t_menu where parent_id = ? order by order_num asc 
2018-10-19 11:03:58.040 [http-nio-8081-exec-1] DEBUG c.a.a.dao.MenuDao.queryListParentId -==> Parameters: 0(Integer)
2018-10-19 11:03:58.047 [http-nio-8081-exec-1] DEBUG c.a.a.dao.MenuDao.queryListParentId -<==      Total: 7
2018-10-19 11:03:58.049 [http-nio-8081-exec-1] DEBUG c.a.a.dao.MenuDao.queryListParentId -==>  Preparing: select * from t_menu where parent_id = ? order by order_num asc 
2018-10-19 11:03:58.050 [http-nio-8081-exec-1] DEBUG c.a.a.dao.MenuDao.queryListParentId -==> Parameters: 1(Integer)
2018-10-19 11:03:58.052 [http-nio-8081-exec-1] DEBUG c.a.a.dao.MenuDao.queryListParentId -<==      Total: 3
2018-10-19 11:03:58.054 [http-nio-8081-exec-1] DEBUG c.a.a.dao.MenuDao.queryListParentId -==>  Preparing: select * from t_menu where parent_id = ? order by order_num asc 
2018-10-19 11:03:58.054 [http-nio-8081-exec-1] DEBUG c.a.a.dao.MenuDao.queryListParentId -==> Parameters: 17(Integer)
2018-10-19 11:03:58.057 [http-nio-8081-exec-1] DEBUG c.a.a.dao.MenuDao.queryListParentId -<==      Total: 3
2018-10-19 11:03:58.058 [http-nio-8081-exec-1] DEBUG c.a.a.dao.MenuDao.queryListParentId -==>  Preparing: select * from t_menu where parent_id = ? order by order_num asc 
2018-10-19 11:03:58.059 [http-nio-8081-exec-1] DEBUG c.a.a.dao.MenuDao.queryListParentId -==> Parameters: 21(Integer)
2018-10-19 11:03:58.062 [http-nio-8081-exec-1] DEBUG c.a.a.dao.MenuDao.queryListParentId -<==      Total: 1
2018-10-19 11:03:58.062 [http-nio-8081-exec-1] DEBUG c.a.a.dao.MenuDao.queryListParentId -==>  Preparing: select * from t_menu where parent_id = ? order by order_num asc 
2018-10-19 11:03:58.063 [http-nio-8081-exec-1] DEBUG c.a.a.dao.MenuDao.queryListParentId -==> Parameters: 48(Integer)
2018-10-19 11:03:58.065 [http-nio-8081-exec-1] DEBUG c.a.a.dao.MenuDao.queryListParentId -<==      Total: 1
2018-10-19 11:03:58.066 [http-nio-8081-exec-1] DEBUG c.a.a.dao.MenuDao.queryListParentId -==>  Preparing: select * from t_menu where parent_id = ? order by order_num asc 
2018-10-19 11:03:58.067 [http-nio-8081-exec-1] DEBUG c.a.a.dao.MenuDao.queryListParentId -==> Parameters: 52(Integer)
2018-10-19 11:03:58.077 [http-nio-8081-exec-1] DEBUG c.a.a.dao.MenuDao.queryListParentId -<==      Total: 1
2018-10-19 11:03:58.078 [http-nio-8081-exec-1] DEBUG c.a.a.dao.MenuDao.queryListParentId -==>  Preparing: select * from t_menu where parent_id = ? order by order_num asc 
2018-10-19 11:03:58.079 [http-nio-8081-exec-1] DEBUG c.a.a.dao.MenuDao.queryListParentId -==> Parameters: 58(Integer)
2018-10-19 11:03:58.081 [http-nio-8081-exec-1] DEBUG c.a.a.dao.MenuDao.queryListParentId -<==      Total: 1
2018-10-19 11:03:58.082 [http-nio-8081-exec-1] DEBUG c.a.a.dao.MenuDao.queryListParentId -==>  Preparing: select * from t_menu where parent_id = ? order by order_num asc 
2018-10-19 11:03:58.082 [http-nio-8081-exec-1] DEBUG c.a.a.dao.MenuDao.queryListParentId -==> Parameters: 37(Integer)
2018-10-19 11:03:58.083 [http-nio-8081-exec-1] DEBUG c.a.a.dao.MenuDao.queryListParentId -<==      Total: 2
2018-10-19 11:03:59.861 [http-nio-8081-exec-6] INFO  c.ant.admin.common.cache.RedisCache -redis
2018-10-19 11:03:59.867 [http-nio-8081-exec-6] DEBUG com.ant.admin.dao.MenuDao.selectList -==>  Preparing: SELECT menu_id AS menuId,parent_id AS parentId,`name`,url,perms,`type`,icon,order_num AS orderNum FROM t_menu 
2018-10-19 11:03:59.867 [http-nio-8081-exec-6] DEBUG com.ant.admin.dao.MenuDao.selectList -==> Parameters: 
2018-10-19 11:03:59.874 [http-nio-8081-exec-6] DEBUG com.ant.admin.dao.MenuDao.selectList -<==      Total: 63
2018-10-19 11:03:59.882 [http-nio-8081-exec-6] INFO  c.ant.admin.common.cache.RedisCache -redis
2018-10-19 11:03:59.883 [http-nio-8081-exec-6] INFO  c.ant.admin.common.cache.RedisCache -redis
2018-10-19 11:03:59.884 [http-nio-8081-exec-6] INFO  c.ant.admin.common.cache.RedisCache -redis
2018-10-19 11:04:01.245 [http-nio-8081-exec-25] INFO  c.ant.admin.common.cache.RedisCache -redis
2018-10-19 11:04:01.252 [http-nio-8081-exec-25] INFO  c.ant.admin.common.cache.RedisCache -redis
2018-10-19 11:04:01.276 [http-nio-8081-exec-25] DEBUG c.a.a.d.C.selectProductList -==>  Preparing: SELECT cloud.*,product.*,c.category_name FROM t_cloud_product cloud LEFT JOIN t_product product ON cloud.product_id = product.product_id LEFT JOIN t_category c on c.category_id = product.category_id WHERE 1=1 and cloud.del_flag = 0 
2018-10-19 11:04:01.277 [http-nio-8081-exec-25] DEBUG c.a.a.d.C.selectProductList -==> Parameters: 
2018-10-19 11:04:01.282 [http-nio-8081-exec-25] DEBUG c.a.a.d.C.selectProductList -<==      Total: 2
2018-10-19 11:04:06.124 [http-nio-8081-exec-26] INFO  c.ant.admin.common.cache.RedisCache -redis
2018-10-19 11:04:06.126 [http-nio-8081-exec-26] INFO  c.ant.admin.common.cache.RedisCache -redis
2018-10-19 11:04:06.126 [http-nio-8081-exec-26] INFO  c.ant.admin.common.cache.RedisCache -redis
2018-10-19 11:04:06.127 [http-nio-8081-exec-26] INFO  c.ant.admin.common.cache.RedisCache -redis
2018-10-19 11:04:06.210 [http-nio-8081-exec-27] INFO  c.ant.admin.common.cache.RedisCache -redis
2018-10-19 11:04:06.211 [http-nio-8081-exec-27] INFO  c.ant.admin.common.cache.RedisCache -redis
2018-10-19 11:04:06.212 [http-nio-8081-exec-27] DEBUG c.a.a.d.C.selectProductList -==>  Preparing: SELECT cloud.*,product.*,c.category_name FROM t_cloud_product cloud LEFT JOIN t_product product ON cloud.product_id = product.product_id LEFT JOIN t_category c on c.category_id = product.category_id WHERE 1=1 and cloud.del_flag = 0 
2018-10-19 11:04:06.212 [http-nio-8081-exec-27] DEBUG c.a.a.d.C.selectProductList -==> Parameters: 
2018-10-19 11:04:06.215 [http-nio-8081-exec-27] DEBUG c.a.a.d.C.selectProductList -<==      Total: 2
2018-10-19 11:04:07.941 [http-nio-8081-exec-3] INFO  c.ant.admin.common.cache.RedisCache -redis
2018-10-19 11:04:07.943 [http-nio-8081-exec-3] INFO  c.ant.admin.common.cache.RedisCache -redis
2018-10-19 11:04:07.945 [http-nio-8081-exec-3] DEBUG c.a.a.d.C.selectByProductId -==>  Preparing: SELECT cloud.*,product.*,c.category_name FROM t_cloud_product cloud LEFT JOIN t_product product ON cloud.product_id = product.product_id LEFT JOIN t_category c on c.category_id = product.category_id WHERE cloud.product_id = ? and cloud.del_flag = 0 
2018-10-19 11:04:07.945 [http-nio-8081-exec-3] DEBUG c.a.a.d.C.selectByProductId -==> Parameters: 5(Integer)
2018-10-19 11:04:07.948 [http-nio-8081-exec-3] DEBUG c.a.a.d.C.selectByProductId -<==      Total: 1
2018-10-19 11:04:13.501 [http-nio-8081-exec-10] INFO  c.ant.admin.common.cache.RedisCache -redis
2018-10-19 11:04:13.503 [http-nio-8081-exec-10] INFO  c.ant.admin.common.cache.RedisCache -redis
2018-10-19 11:04:14.832 [http-nio-8081-exec-11] INFO  c.ant.admin.common.cache.RedisCache -redis
2018-10-19 11:04:14.833 [http-nio-8081-exec-11] INFO  c.ant.admin.common.cache.RedisCache -redis
2018-10-19 11:04:14.936 [http-nio-8081-exec-11] DEBUG c.a.a.d.P.updateAllColumnById -==>  Preparing: UPDATE t_product SET category_id=?,product_name=?,pic_img=?,introduction=?,show_in_shelve=?,update_at=?,update_user=?,del_flag=? WHERE product_id=? 
2018-10-19 11:04:14.936 [http-nio-8081-exec-11] DEBUG c.a.a.d.P.updateAllColumnById -==> Parameters: 2(Integer), 1(String), http://localhost:8081/upload/041d8289-3fa3-4709-80a6-90c1213c849c153991825350697cf850f-ad3a-4e98-b677-07b96ce67dde_540.png(String), ,dfkjkj1dfdfad1<p><br></p>(String), 1(Integer), 2018-10-19 11:04:14.931(Timestamp), 1(Integer), 0(Integer), 5(Integer)
2018-10-19 11:04:14.941 [http-nio-8081-exec-11] DEBUG c.a.a.d.P.updateAllColumnById -<==    Updates: 1
2018-10-19 11:04:14.941 [http-nio-8081-exec-11] DEBUG c.a.a.d.C.updateAllColumnById -==>  Preparing: UPDATE t_cloud_product SET product_id=?,sell_out=?,stock=?,electricity_fees=?,retail_price=?,price=?,sale_time=?,model=?,rated=?,power_waste=?,remark=?,start_step=?,`power`=?,management_expense=?,contract_cycle=?,sort=?,del_flag=? WHERE cloud_id=? 
2018-10-19 11:04:14.941 [http-nio-8081-exec-11] DEBUG c.a.a.d.C.updateAllColumnById -==> Parameters: 5(Integer), 1000(BigDecimal), 299(BigDecimal), 0.4(BigDecimal), 570(BigDecimal), 400(BigDecimal), 920-1010(String), A9(String), 14(BigDecimal), 1.34(BigDecimal), 100(String), 1(Integer), test(String), 500(BigDecimal), (String), 1(Integer), 0(Integer), 1(Integer)
2018-10-19 11:04:14.941 [http-nio-8081-exec-11] DEBUG c.a.a.d.C.updateAllColumnById -<==    Updates: 1
2018-10-19 11:04:15.815 [http-nio-8081-exec-6] INFO  c.ant.admin.common.cache.RedisCache -redis
2018-10-19 11:04:15.817 [http-nio-8081-exec-6] INFO  c.ant.admin.common.cache.RedisCache -redis
2018-10-19 11:04:15.819 [http-nio-8081-exec-6] INFO  c.ant.admin.common.cache.RedisCache -redis
2018-10-19 11:04:15.819 [http-nio-8081-exec-6] INFO  c.ant.admin.common.cache.RedisCache -redis
2018-10-19 11:04:15.923 [http-nio-8081-exec-13] INFO  c.ant.admin.common.cache.RedisCache -redis
2018-10-19 11:04:15.924 [http-nio-8081-exec-13] INFO  c.ant.admin.common.cache.RedisCache -redis
2018-10-19 11:04:15.926 [http-nio-8081-exec-13] DEBUG c.a.a.d.C.selectProductList -==>  Preparing: SELECT cloud.*,product.*,c.category_name FROM t_cloud_product cloud LEFT JOIN t_product product ON cloud.product_id = product.product_id LEFT JOIN t_category c on c.category_id = product.category_id WHERE 1=1 and cloud.del_flag = 0 
2018-10-19 11:04:15.927 [http-nio-8081-exec-13] DEBUG c.a.a.d.C.selectProductList -==> Parameters: 
2018-10-19 11:04:15.930 [http-nio-8081-exec-13] DEBUG c.a.a.d.C.selectProductList -<==      Total: 2
2018-10-19 11:04:30.896 [http-nio-8082-exec-2] INFO  o.a.c.c.C.[Tomcat].[localhost].[/] -Initializing Spring FrameworkServlet 'dispatcherServlet'
2018-10-19 11:04:30.897 [http-nio-8082-exec-2] INFO  o.s.web.servlet.DispatcherServlet -FrameworkServlet 'dispatcherServlet': initialization started
2018-10-19 11:04:30.922 [http-nio-8082-exec-2] INFO  o.s.web.servlet.DispatcherServlet -FrameworkServlet 'dispatcherServlet': initialization completed in 25 ms
